[0:0:0:0:0:0:0:1] - - [2021-09-23:10:07:33 +0300] "GET /nflow/ui/doc/ HTTP/1.1" 200 4146 "-" "Mozilla/5.0 (Windows NT 10.0; Win64; x64) AppleWebKit/537.36 (KHTML, like Gecko) Chrome/93.0.4577.82 Safari/537.36" 14
[0:0:0:0:0:0:0:1] - - [2021-09-23:10:07:33 +0300] "GET /nflow/ui/doc/css/reset.css HTTP/1.1" 200 773 "http://localhost:7500/nflow/ui/doc/" "Mozilla/5.0 (Windows NT 10.0; Win64; x64) AppleWebKit/537.36 (KHTML, like Gecko) Chrome/93.0.4577.82 Safari/537.36" 2
[0:0:0:0:0:0:0:1] - - [2021-09-23:10:07:33 +0300] "GET /nflow/ui/doc/css/typography.css HTTP/1.1" 200 0 "http://localhost:7500/nflow/ui/doc/" "Mozilla/5.0 (Windows NT 10.0; Win64; x64) AppleWebKit/537.36 (KHTML, like Gecko) Chrome/93.0.4577.82 Safari/537.36" 8
[0:0:0:0:0:0:0:1] - - [2021-09-23:10:07:33 +0300] "GET /nflow/ui/doc/lib/jquery.slideto.min.js HTTP/1.1" 200 365 "http://localhost:7500/nflow/ui/doc/" "Mozilla/5.0 (Windows NT 10.0; Win64; x64) AppleWebKit/537.36 (KHTML, like Gecko) Chrome/93.0.4577.82 Safari/537.36" 3
[0:0:0:0:0:0:0:1] - - [2021-09-23:10:07:33 +0300] "GET /nflow/ui/doc/css/screen.css HTTP/1.1" 200 43644 "http://localhost:7500/nflow/ui/doc/" "Mozilla/5.0 (Windows NT 10.0; Win64; x64) AppleWebKit/537.36 (KHTML, like Gecko) Chrome/93.0.4577.82 Safari/537.36" 3
[0:0:0:0:0:0:0:1] - - [2021-09-23:10:07:33 +0300] "GET /nflow/ui/doc/lib/jquery.wiggle.min.js HTTP/1.1" 200 536 "http://localhost:7500/nflow/ui/doc/" "Mozilla/5.0 (Windows NT 10.0; Win64; x64) AppleWebKit/537.36 (KHTML, like Gecko) Chrome/93.0.4577.82 Safari/537.36" 4
[0:0:0:0:0:0:0:1] - - [2021-09-23:10:07:33 +0300] "GET /nflow/ui/doc/lib/object-assign-pollyfill.js HTTP/1.1" 200 349 "http://localhost:7500/nflow/ui/doc/" "Mozilla/5.0 (Windows NT 10.0; Win64; x64) AppleWebKit/537.36 (KHTML, like Gecko) Chrome/93.0.4577.82 Safari/537.36" 3
[0:0:0:0:0:0:0:1] - - [2021-09-23:10:07:33 +0300] "GET /nflow/ui/doc/lib/jquery-1.8.0.min.js HTTP/1.1" 200 92032 "http://localhost:7500/nflow/ui/doc/" "Mozilla/5.0 (Windows NT 10.0; Win64; x64) AppleWebKit/537.36 (KHTML, like Gecko) Chrome/93.0.4577.82 Safari/537.36" 4
[0:0:0:0:0:0:0:1] - - [2021-09-23:10:07:33 +0300] "GET /nflow/ui/doc/lib/jquery.ba-bbq.min.js HTTP/1.1" 200 3518 "http://localhost:7500/nflow/ui/doc/" "Mozilla/5.0 (Windows NT 10.0; Win64; x64) AppleWebKit/537.36 (KHTML, like Gecko) Chrome/93.0.4577.82 Safari/537.36" 1
[0:0:0:0:0:0:0:1] - - [2021-09-23:10:07:33 +0300] "GET /nflow/ui/doc/lib/backbone-min.js HTTP/1.1" 200 19371 "http://localhost:7500/nflow/ui/doc/" "Mozilla/5.0 (Windows NT 10.0; Win64; x64) AppleWebKit/537.36 (KHTML, like Gecko) Chrome/93.0.4577.82 Safari/537.36" 2
[0:0:0:0:0:0:0:1] - - [2021-09-23:10:07:33 +0300] "GET /nflow/ui/doc/lib/lodash.min.js HTTP/1.1" 200 51894 "http://localhost:7500/nflow/ui/doc/" "Mozilla/5.0 (Windows NT 10.0; Win64; x64) AppleWebKit/537.36 (KHTML, like Gecko) Chrome/93.0.4577.82 Safari/537.36" 2
[0:0:0:0:0:0:0:1] - - [2021-09-23:10:07:33 +0300] "GET /nflow/ui/doc/lib/handlebars-4.0.5.js HTTP/1.1" 200 71504 "http://localhost:7500/nflow/ui/doc/" "Mozilla/5.0 (Windows NT 10.0; Win64; x64) AppleWebKit/537.36 (KHTML, like Gecko) Chrome/93.0.4577.82 Safari/537.36" 3
[0:0:0:0:0:0:0:1] - - [2021-09-23:10:07:33 +0300] "GET /nflow/ui/doc/lib/highlight.9.1.0.pack_extended.js HTTP/1.1" 200 310 "http://localhost:7500/nflow/ui/doc/" "Mozilla/5.0 (Windows NT 10.0; Win64; x64) AppleWebKit/537.36 (KHTML, like Gecko) Chrome/93.0.4577.82 Safari/537.36" 1
[0:0:0:0:0:0:0:1] - - [2021-09-23:10:07:33 +0300] "GET /nflow/ui/doc/lib/highlight.9.1.0.pack.js HTTP/1.1" 200 10962 "http://localhost:7500/nflow/ui/doc/" "Mozilla/5.0 (Windows NT 10.0; Win64; x64) AppleWebKit/537.36 (KHTML, like Gecko) Chrome/93.0.4577.82 Safari/537.36" 2
[0:0:0:0:0:0:0:1] - - [2021-09-23:10:07:33 +0300] "GET /nflow/ui/doc/swagger-ui.js HTTP/1.1" 200 2704640 "http://localhost:7500/nflow/ui/doc/" "Mozilla/5.0 (Windows NT 10.0; Win64; x64) AppleWebKit/537.36 (KHTML, like Gecko) Chrome/93.0.4577.82 Safari/537.36" 14
[0:0:0:0:0:0:0:1] - - [2021-09-23:10:07:34 +0300] "GET /nflow/ui/doc/lib/swagger-oauth.js HTTP/1.1" 200 7042 "http://localhost:7500/nflow/ui/doc/" "Mozilla/5.0 (Windows NT 10.0; Win64; x64) AppleWebKit/537.36 (KHTML, like Gecko) Chrome/93.0.4577.82 Safari/537.36" 1
[0:0:0:0:0:0:0:1] - - [2021-09-23:10:07:34 +0300] "GET /nflow/ui/doc/lib/marked.js HTTP/1.1" 200 15724 "http://localhost:7500/nflow/ui/doc/" "Mozilla/5.0 (Windows NT 10.0; Win64; x64) AppleWebKit/537.36 (KHTML, like Gecko) Chrome/93.0.4577.82 Safari/537.36" 1
[0:0:0:0:0:0:0:1] - - [2021-09-23:10:07:34 +0300] "GET /nflow/ui/doc/lib/jsoneditor.min.js HTTP/1.1" 200 129835 "http://localhost:7500/nflow/ui/doc/" "Mozilla/5.0 (Windows NT 10.0; Win64; x64) AppleWebKit/537.36 (KHTML, like Gecko) Chrome/93.0.4577.82 Safari/537.36" 3
[0:0:0:0:0:0:0:1] - - [2021-09-23:10:07:34 +0300] "GET /nflow/ui/doc/images/nflow-logo-no-borders.png HTTP/1.1" 200 8123 "http://localhost:7500/nflow/ui/doc/" "Mozilla/5.0 (Windows NT 10.0; Win64; x64) AppleWebKit/537.36 (KHTML, like Gecko) Chrome/93.0.4577.82 Safari/537.36" 1
[0:0:0:0:0:0:0:1] - - [2021-09-23:10:07:34 +0300] "GET /nflow/ui/doc/css/print.css HTTP/1.1" 200 41666 "http://localhost:7500/nflow/ui/doc/" "Mozilla/5.0 (Windows NT 10.0; Win64; x64) AppleWebKit/537.36 (KHTML, like Gecko) Chrome/93.0.4577.82 Safari/537.36" 1
[0:0:0:0:0:0:0:1] - - [2021-09-23:10:07:34 +0300] "GET /nflow/ui/doc/images/favicon-32x32.png HTTP/1.1" 200 1141 "http://localhost:7500/nflow/ui/doc/" "Mozilla/5.0 (Windows NT 10.0; Win64; x64) AppleWebKit/537.36 (KHTML, like Gecko) Chrome/93.0.4577.82 Safari/537.36" 1
[0:0:0:0:0:0:0:1] - - [2021-09-23:10:07:34 +0300] "GET /nflow/api/swagger.json HTTP/1.1" 200 26019 "http://localhost:7500/nflow/ui/doc/" "Mozilla/5.0 (Windows NT 10.0; Win64; x64) AppleWebKit/537.36 (KHTML, like Gecko) Chrome/93.0.4577.82 Safari/537.36" 282
[0:0:0:0:0:0:0:1] - - [2021-09-23:10:07:48 +0300] "GET /nflow/metrics/ HTTP/1.1" 200 637 "-" "Mozilla/5.0 (Windows NT 10.0; Win64; x64) AppleWebKit/537.36 (KHTML, like Gecko) Chrome/93.0.4577.82 Safari/537.36" 1
[0:0:0:0:0:0:0:1] - - [2021-09-23:10:07:48 +0300] "GET /favicon.ico HTTP/1.1" 404 514 "http://localhost:7500/nflow/metrics/" "Mozilla/5.0 (Windows NT 10.0; Win64; x64) AppleWebKit/537.36 (KHTML, like Gecko) Chrome/93.0.4577.82 Safari/537.36" 5
[0:0:0:0:0:0:0:1] - - [2021-09-23:10:07:50 +0300] "GET /nflow/metrics/metrics?pretty=true HTTP/1.1" 200 8460 "http://localhost:7500/nflow/metrics/" "Mozilla/5.0 (Windows NT 10.0; Win64; x64) AppleWebKit/537.36 (KHTML, like Gecko) Chrome/93.0.4577.82 Safari/537.36" 25
[0:0:0:0:0:0:0:1] - - [2021-09-23:10:09:42 +0300] "GET /nflow/ui/explorer/ HTTP/1.1" 200 1452 "-" "Mozilla/5.0 (Windows NT 10.0; Win64; x64) AppleWebKit/537.36 (KHTML, like Gecko) Chrome/93.0.4577.82 Safari/537.36" 2
[0:0:0:0:0:0:0:1] - - [2021-09-23:10:09:42 +0300] "GET /nflow/ui/explorer/styles/vendor.08fdc4e6.css HTTP/1.1" 200 5858 "http://localhost:7500/nflow/ui/explorer/" "Mozilla/5.0 (Windows NT 10.0; Win64; x64) AppleWebKit/537.36 (KHTML, like Gecko) Chrome/93.0.4577.82 Safari/537.36" 2
[0:0:0:0:0:0:0:1] - - [2021-09-23:10:09:42 +0300] "GET /nflow/ui/explorer/styles/main.a70cedf7.css HTTP/1.1" 200 123162 "http://localhost:7500/nflow/ui/explorer/" "Mozilla/5.0 (Windows NT 10.0; Win64; x64) AppleWebKit/537.36 (KHTML, like Gecko) Chrome/93.0.4577.82 Safari/537.36" 2
[0:0:0:0:0:0:0:1] - - [2021-09-23:10:09:42 +0300] "GET /nflow/ui/explorer/external/adal-angular/adal-angular-1.0.17.min.js HTTP/1.1" 200 8329 "http://localhost:7500/nflow/ui/explorer/" "Mozilla/5.0 (Windows NT 10.0; Win64; x64) AppleWebKit/537.36 (KHTML, like Gecko) Chrome/93.0.4577.82 Safari/537.36" 2
[0:0:0:0:0:0:0:1] - - [2021-09-23:10:09:42 +0300] "GET /nflow/ui/explorer/external/angular-ui-bootstrap/ui-bootstrap-custom-tpls-0.10.0.min.js HTTP/1.1" 200 3948 "http://localhost:7500/nflow/ui/explorer/" "Mozilla/5.0 (Windows NT 10.0; Win64; x64) AppleWebKit/537.36 (KHTML, like Gecko) Chrome/93.0.4577.82 Safari/537.36" 2
[0:0:0:0:0:0:0:1] - - [2021-09-23:10:09:42 +0300] "GET /nflow/ui/explorer/external/adal-angular/adal-1.0.17.min.js HTTP/1.1" 200 32850 "http://localhost:7500/nflow/ui/explorer/" "Mozilla/5.0 (Windows NT 10.0; Win64; x64) AppleWebKit/537.36 (KHTML, like Gecko) Chrome/93.0.4577.82 Safari/537.36" 2
[0:0:0:0:0:0:0:1] - - [2021-09-23:10:09:42 +0300] "GET /nflow/ui/explorer/config.js HTTP/1.1" 200 254 "http://localhost:7500/nflow/ui/explorer/" "Mozilla/5.0 (Windows NT 10.0; Win64; x64) AppleWebKit/537.36 (KHTML, like Gecko) Chrome/93.0.4577.82 Safari/537.36" 2
[0:0:0:0:0:0:0:1] - - [2021-09-23:10:09:42 +0300] "GET /nflow/ui/explorer/app/app.d358c0ee.js HTTP/1.1" 200 38916 "http://localhost:7500/nflow/ui/explorer/" "Mozilla/5.0 (Windows NT 10.0; Win64; x64) AppleWebKit/537.36 (KHTML, like Gecko) Chrome/93.0.4577.82 Safari/537.36" 3
[0:0:0:0:0:0:0:1] - - [2021-09-23:10:09:42 +0300] "GET /nflow/ui/explorer/app/vendor.863efce5.js HTTP/1.1" 200 1279086 "http://localhost:7500/nflow/ui/explorer/" "Mozilla/5.0 (Windows NT 10.0; Win64; x64) AppleWebKit/537.36 (KHTML, like Gecko) Chrome/93.0.4577.82 Safari/537.36" 10
[0:0:0:0:0:0:0:1] - - [2021-09-23:10:09:42 +0300] "GET /nflow/ui/explorer/app/layout/layout.html HTTP/1.1" 200 150 "http://localhost:7500/nflow/ui/explorer/" "Mozilla/5.0 (Windows NT 10.0; Win64; x64) AppleWebKit/537.36 (KHTML, like Gecko) Chrome/93.0.4577.82 Safari/537.36" 1
[0:0:0:0:0:0:0:1] - - [2021-09-23:10:09:42 +0300] "GET /nflow/ui/explorer/app/front-page/frontPage.html HTTP/1.1" 200 107 "http://localhost:7500/nflow/ui/explorer/" "Mozilla/5.0 (Windows NT 10.0; Win64; x64) AppleWebKit/537.36 (KHTML, like Gecko) Chrome/93.0.4577.82 Safari/537.36" 1
[0:0:0:0:0:0:0:1] - - [2021-09-23:10:09:42 +0300] "GET /nflow/api/v1/workflow-executor HTTP/1.1" 200 181 "http://localhost:7500/nflow/ui/explorer/" "Mozilla/5.0 (Windows NT 10.0; Win64; x64) AppleWebKit/537.36 (KHTML, like Gecko) Chrome/93.0.4577.82 Safari/537.36" 21
[0:0:0:0:0:0:0:1] - - [2021-09-23:10:09:42 +0300] "GET /nflow/ui/explorer/app/layout/footer.html HTTP/1.1" 200 179 "http://localhost:7500/nflow/ui/explorer/" "Mozilla/5.0 (Windows NT 10.0; Win64; x64) AppleWebKit/537.36 (KHTML, like Gecko) Chrome/93.0.4577.82 Safari/537.36" 1
[0:0:0:0:0:0:0:1] - - [2021-09-23:10:09:42 +0300] "GET /nflow/ui/explorer/app/layout/header.html HTTP/1.1" 200 958 "http://localhost:7500/nflow/ui/explorer/" "Mozilla/5.0 (Windows NT 10.0; Win64; x64) AppleWebKit/537.36 (KHTML, like Gecko) Chrome/93.0.4577.82 Safari/537.36" 1
[0:0:0:0:0:0:0:1] - - [2021-09-23:10:09:42 +0300] "GET /nflow/ui/explorer/app/front-page/definitionList.html HTTP/1.1" 200 697 "http://localhost:7500/nflow/ui/explorer/" "Mozilla/5.0 (Windows NT 10.0; Win64; x64) AppleWebKit/537.36 (KHTML, like Gecko) Chrome/93.0.4577.82 Safari/537.36" 1
[0:0:0:0:0:0:0:1] - - [2021-09-23:10:09:42 +0300] "GET /nflow/ui/explorer/app/components/endpointSelection/endpointSelection.html HTTP/1.1" 200 471 "http://localhost:7500/nflow/ui/explorer/" "Mozilla/5.0 (Windows NT 10.0; Win64; x64) AppleWebKit/537.36 (KHTML, like Gecko) Chrome/93.0.4577.82 Safari/537.36" 1
[0:0:0:0:0:0:0:1] - - [2021-09-23:10:09:42 +0300] "GET /nflow/ui/explorer/images/nflow_logo.65aab8a3.svg HTTP/1.1" 200 7026 "http://localhost:7500/nflow/ui/explorer/" "Mozilla/5.0 (Windows NT 10.0; Win64; x64) AppleWebKit/537.36 (KHTML, like Gecko) Chrome/93.0.4577.82 Safari/537.36" 1
[0:0:0:0:0:0:0:1] - - [2021-09-23:10:09:42 +0300] "GET /nflow/api/v1/workflow-definition HTTP/1.1" 200 1794 "http://localhost:7500/nflow/ui/explorer/" "Mozilla/5.0 (Windows NT 10.0; Win64; x64) AppleWebKit/537.36 (KHTML, like Gecko) Chrome/93.0.4577.82 Safari/537.36" 40
[0:0:0:0:0:0:0:1] - - [2021-09-23:10:09:42 +0300] "GET /nflow/ui/explorer/favicon.ico HTTP/1.1" 200 1150 "http://localhost:7500/nflow/ui/explorer/" "Mozilla/5.0 (Windows NT 10.0; Win64; x64) AppleWebKit/537.36 (KHTML, like Gecko) Chrome/93.0.4577.82 Safari/537.36" 1
[0:0:0:0:0:0:0:1] - - [2021-09-23:10:09:57 +0300] "GET /nflow/api/v1/workflow-executor HTTP/1.1" 200 181 "http://localhost:7500/nflow/ui/explorer/" "Mozilla/5.0 (Windows NT 10.0; Win64; x64) AppleWebKit/537.36 (KHTML, like Gecko) Chrome/93.0.4577.82 Safari/537.36" 2
[0:0:0:0:0:0:0:1] - - [2021-09-23:10:10:12 +0300] "GET /nflow/api/v1/workflow-executor HTTP/1.1" 200 181 "http://localhost:7500/nflow/ui/explorer/" "Mozilla/5.0 (Windows NT 10.0; Win64; x64) AppleWebKit/537.36 (KHTML, like Gecko) Chrome/93.0.4577.82 Safari/537.36" 2
[0:0:0:0:0:0:0:1] - - [2021-09-23:10:10:27 +0300] "GET /nflow/api/v1/workflow-executor HTTP/1.1" 200 181 "http://localhost:7500/nflow/ui/explorer/" "Mozilla/5.0 (Windows NT 10.0; Win64; x64) AppleWebKit/537.36 (KHTML, like Gecko) Chrome/93.0.4577.82 Safari/537.36" 3
[0:0:0:0:0:0:0:1] - - [2021-09-23:10:10:42 +0300] "GET /nflow/api/v1/workflow-executor HTTP/1.1" 200 181 "http://localhost:7500/nflow/ui/explorer/" "Mozilla/5.0 (Windows NT 10.0; Win64; x64) AppleWebKit/537.36 (KHTML, like Gecko) Chrome/93.0.4577.82 Safari/537.36" 2
[0:0:0:0:0:0:0:1] - - [2021-09-23:10:10:57 +0300] "GET /nflow/api/v1/workflow-executor HTTP/1.1" 200 181 "http://localhost:7500/nflow/ui/explorer/" "Mozilla/5.0 (Windows NT 10.0; Win64; x64) AppleWebKit/537.36 (KHTML, like Gecko) Chrome/93.0.4577.82 Safari/537.36" 3
[0:0:0:0:0:0:0:1] - - [2021-09-23:10:11:12 +0300] "GET /nflow/api/v1/workflow-executor HTTP/1.1" 200 181 "http://localhost:7500/nflow/ui/explorer/" "Mozilla/5.0 (Windows NT 10.0; Win64; x64) AppleWebKit/537.36 (KHTML, like Gecko) Chrome/93.0.4577.82 Safari/537.36" 2
[0:0:0:0:0:0:0:1] - - [2021-09-23:10:11:27 +0300] "GET /nflow/api/v1/workflow-executor HTTP/1.1" 200 181 "http://localhost:7500/nflow/ui/explorer/" "Mozilla/5.0 (Windows NT 10.0; Win64; x64) AppleWebKit/537.36 (KHTML, like Gecko) Chrome/93.0.4577.82 Safari/537.36" 3
[0:0:0:0:0:0:0:1] - - [2021-09-23:10:11:42 +0300] "GET /nflow/api/v1/workflow-executor HTTP/1.1" 200 181 "http://localhost:7500/nflow/ui/explorer/" "Mozilla/5.0 (Windows NT 10.0; Win64; x64) AppleWebKit/537.36 (KHTML, like Gecko) Chrome/93.0.4577.82 Safari/537.36" 2
[0:0:0:0:0:0:0:1] - - [2021-09-23:10:11:57 +0300] "GET /nflow/api/v1/workflow-executor HTTP/1.1" 200 181 "http://localhost:7500/nflow/ui/explorer/" "Mozilla/5.0 (Windows NT 10.0; Win64; x64) AppleWebKit/537.36 (KHTML, like Gecko) Chrome/93.0.4577.82 Safari/537.36" 2
[0:0:0:0:0:0:0:1] - - [2021-09-23:10:12:12 +0300] "GET /nflow/api/v1/workflow-executor HTTP/1.1" 200 181 "http://localhost:7500/nflow/ui/explorer/" "Mozilla/5.0 (Windows NT 10.0; Win64; x64) AppleWebKit/537.36 (KHTML, like Gecko) Chrome/93.0.4577.82 Safari/537.36" 2
[0:0:0:0:0:0:0:1] - - [2021-09-23:10:12:27 +0300] "GET /nflow/api/v1/workflow-executor HTTP/1.1" 200 181 "http://localhost:7500/nflow/ui/explorer/" "Mozilla/5.0 (Windows NT 10.0; Win64; x64) AppleWebKit/537.36 (KHTML, like Gecko) Chrome/93.0.4577.82 Safari/537.36" 3
[0:0:0:0:0:0:0:1] - - [2021-09-23:10:12:42 +0300] "GET /nflow/api/v1/workflow-executor HTTP/1.1" 200 181 "http://localhost:7500/nflow/ui/explorer/" "Mozilla/5.0 (Windows NT 10.0; Win64; x64) AppleWebKit/537.36 (KHTML, like Gecko) Chrome/93.0.4577.82 Safari/537.36" 2
[0:0:0:0:0:0:0:1] - - [2021-09-23:10:12:57 +0300] "GET /nflow/api/v1/workflow-executor HTTP/1.1" 200 181 "http://localhost:7500/nflow/ui/explorer/" "Mozilla/5.0 (Windows NT 10.0; Win64; x64) AppleWebKit/537.36 (KHTML, like Gecko) Chrome/93.0.4577.82 Safari/537.36" 2
[0:0:0:0:0:0:0:1] - - [2021-09-23:10:13:12 +0300] "GET /nflow/api/v1/workflow-executor HTTP/1.1" 200 181 "http://localhost:7500/nflow/ui/explorer/" "Mozilla/5.0 (Windows NT 10.0; Win64; x64) AppleWebKit/537.36 (KHTML, like Gecko) Chrome/93.0.4577.82 Safari/537.36" 2
[0:0:0:0:0:0:0:1] - - [2021-09-23:10:13:27 +0300] "GET /nflow/api/v1/workflow-executor HTTP/1.1" 200 181 "http://localhost:7500/nflow/ui/explorer/" "Mozilla/5.0 (Windows NT 10.0; Win64; x64) AppleWebKit/537.36 (KHTML, like Gecko) Chrome/93.0.4577.82 Safari/537.36" 2
[0:0:0:0:0:0:0:1] - - [2021-09-23:10:13:42 +0300] "GET /nflow/api/v1/workflow-executor HTTP/1.1" 200 181 "http://localhost:7500/nflow/ui/explorer/" "Mozilla/5.0 (Windows NT 10.0; Win64; x64) AppleWebKit/537.36 (KHTML, like Gecko) Chrome/93.0.4577.82 Safari/537.36" 1
[0:0:0:0:0:0:0:1] - - [2021-09-23:10:13:57 +0300] "GET /nflow/api/v1/workflow-executor HTTP/1.1" 200 181 "http://localhost:7500/nflow/ui/explorer/" "Mozilla/5.0 (Windows NT 10.0; Win64; x64) AppleWebKit/537.36 (KHTML, like Gecko) Chrome/93.0.4577.82 Safari/537.36" 2
[0:0:0:0:0:0:0:1] - - [2021-09-23:10:14:12 +0300] "GET /nflow/api/v1/workflow-executor HTTP/1.1" 200 181 "http://localhost:7500/nflow/ui/explorer/" "Mozilla/5.0 (Windows NT 10.0; Win64; x64) AppleWebKit/537.36 (KHTML, like Gecko) Chrome/93.0.4577.82 Safari/537.36" 2
[0:0:0:0:0:0:0:1] - - [2021-09-23:10:14:27 +0300] "GET /nflow/api/v1/workflow-executor HTTP/1.1" 200 181 "http://localhost:7500/nflow/ui/explorer/" "Mozilla/5.0 (Windows NT 10.0; Win64; x64) AppleWebKit/537.36 (KHTML, like Gecko) Chrome/93.0.4577.82 Safari/537.36" 2
[0:0:0:0:0:0:0:1] - - [2021-09-23:10:14:42 +0300] "GET /nflow/api/v1/workflow-executor HTTP/1.1" 200 181 "http://localhost:7500/nflow/ui/explorer/" "Mozilla/5.0 (Windows NT 10.0; Win64; x64) AppleWebKit/537.36 (KHTML, like Gecko) Chrome/93.0.4577.82 Safari/537.36" 2
[0:0:0:0:0:0:0:1] - - [2021-09-23:10:15:43 +0300] "GET /nflow/api/v1/workflow-executor HTTP/1.1" 200 181 "http://localhost:7500/nflow/ui/explorer/" "Mozilla/5.0 (Windows NT 10.0; Win64; x64) AppleWebKit/537.36 (KHTML, like Gecko) Chrome/93.0.4577.82 Safari/537.36" 3
[0:0:0:0:0:0:0:1] - - [2021-09-23:10:16:43 +0300] "GET /nflow/api/v1/workflow-executor HTTP/1.1" 200 181 "http://localhost:7500/nflow/ui/explorer/" "Mozilla/5.0 (Windows NT 10.0; Win64; x64) AppleWebKit/537.36 (KHTML, like Gecko) Chrome/93.0.4577.82 Safari/537.36" 2
[0:0:0:0:0:0:0:1] - - [2021-09-23:10:17:31 +0300] "GET /nflow/api/v1/workflow-executor HTTP/1.1" 200 181 "http://localhost:7500/nflow/ui/explorer/" "Mozilla/5.0 (Windows NT 10.0; Win64; x64) AppleWebKit/537.36 (KHTML, like Gecko) Chrome/93.0.4577.82 Safari/537.36" 3
[0:0:0:0:0:0:0:1] - - [2021-09-23:10:17:34 +0300] "GET /nflow/metrics/metrics?pretty=true HTTP/1.1" 200 8460 "http://localhost:7500/nflow/metrics/" "Mozilla/5.0 (Windows NT 10.0; Win64; x64) AppleWebKit/537.36 (KHTML, like Gecko) Chrome/93.0.4577.82 Safari/537.36" 8
[0:0:0:0:0:0:0:1] - - [2021-09-23:10:17:38 +0300] "GET /nflow/metrics/metrics?pretty=true HTTP/1.1" 200 8447 "http://localhost:7500/nflow/metrics/" "Mozilla/5.0 (Windows NT 10.0; Win64; x64) AppleWebKit/537.36 (KHTML, like Gecko) Chrome/93.0.4577.82 Safari/537.36" 8
[0:0:0:0:0:0:0:1] - - [2021-09-23:10:17:39 +0300] "GET /nflow/metrics/metrics?pretty=true HTTP/1.1" 200 8463 "http://localhost:7500/nflow/metrics/" "Mozilla/5.0 (Windows NT 10.0; Win64; x64) AppleWebKit/537.36 (KHTML, like Gecko) Chrome/93.0.4577.82 Safari/537.36" 6
[0:0:0:0:0:0:0:1] - - [2021-09-23:10:17:40 +0300] "GET /nflow/metrics/metrics?pretty=true HTTP/1.1" 200 8462 "http://localhost:7500/nflow/metrics/" "Mozilla/5.0 (Windows NT 10.0; Win64; x64) AppleWebKit/537.36 (KHTML, like Gecko) Chrome/93.0.4577.82 Safari/537.36" 4
[0:0:0:0:0:0:0:1] - - [2021-09-23:10:17:41 +0300] "GET /nflow/metrics/metrics?pretty=true HTTP/1.1" 200 8463 "http://localhost:7500/nflow/metrics/" "Mozilla/5.0 (Windows NT 10.0; Win64; x64) AppleWebKit/537.36 (KHTML, like Gecko) Chrome/93.0.4577.82 Safari/537.36" 4
[0:0:0:0:0:0:0:1] - - [2021-09-23:10:17:42 +0300] "GET /nflow/api/v1/workflow-executor HTTP/1.1" 200 181 "http://localhost:7500/nflow/ui/explorer/" "Mozilla/5.0 (Windows NT 10.0; Win64; x64) AppleWebKit/537.36 (KHTML, like Gecko) Chrome/93.0.4577.82 Safari/537.36" 2
[0:0:0:0:0:0:0:1] - - [2021-09-23:10:17:43 +0300] "GET /nflow/metrics/metrics?pretty=true HTTP/1.1" 200 8464 "http://localhost:7500/nflow/metrics/" "Mozilla/5.0 (Windows NT 10.0; Win64; x64) AppleWebKit/537.36 (KHTML, like Gecko) Chrome/93.0.4577.82 Safari/537.36" 4
[0:0:0:0:0:0:0:1] - - [2021-09-23:10:17:57 +0300] "GET /nflow/api/v1/workflow-executor HTTP/1.1" 200 181 "http://localhost:7500/nflow/ui/explorer/" "Mozilla/5.0 (Windows NT 10.0; Win64; x64) AppleWebKit/537.36 (KHTML, like Gecko) Chrome/93.0.4577.82 Safari/537.36" 1
[0:0:0:0:0:0:0:1] - - [2021-09-23:10:18:12 +0300] "GET /nflow/api/v1/workflow-executor HTTP/1.1" 200 181 "http://localhost:7500/nflow/ui/explorer/" "Mozilla/5.0 (Windows NT 10.0; Win64; x64) AppleWebKit/537.36 (KHTML, like Gecko) Chrome/93.0.4577.82 Safari/537.36" 1
[0:0:0:0:0:0:0:1] - - [2021-09-23:10:18:27 +0300] "GET /nflow/api/v1/workflow-executor HTTP/1.1" 200 181 "http://localhost:7500/nflow/ui/explorer/" "Mozilla/5.0 (Windows NT 10.0; Win64; x64) AppleWebKit/537.36 (KHTML, like Gecko) Chrome/93.0.4577.82 Safari/537.36" 2
[0:0:0:0:0:0:0:1] - - [2021-09-23:10:18:42 +0300] "GET /nflow/api/v1/workflow-executor HTTP/1.1" 200 181 "http://localhost:7500/nflow/ui/explorer/" "Mozilla/5.0 (Windows NT 10.0; Win64; x64) AppleWebKit/537.36 (KHTML, like Gecko) Chrome/93.0.4577.82 Safari/537.36" 2
[0:0:0:0:0:0:0:1] - - [2021-09-23:10:18:57 +0300] "GET /nflow/api/v1/workflow-executor HTTP/1.1" 200 181 "http://localhost:7500/nflow/ui/explorer/" "Mozilla/5.0 (Windows NT 10.0; Win64; x64) AppleWebKit/537.36 (KHTML, like Gecko) Chrome/93.0.4577.82 Safari/537.36" 2
[0:0:0:0:0:0:0:1] - - [2021-09-23:10:19:12 +0300] "GET /nflow/api/v1/workflow-executor HTTP/1.1" 200 181 "http://localhost:7500/nflow/ui/explorer/" "Mozilla/5.0 (Windows NT 10.0; Win64; x64) AppleWebKit/537.36 (KHTML, like Gecko) Chrome/93.0.4577.82 Safari/537.36" 2
[0:0:0:0:0:0:0:1] - - [2021-09-23:10:19:27 +0300] "GET /nflow/api/v1/workflow-executor HTTP/1.1" 200 181 "http://localhost:7500/nflow/ui/explorer/" "Mozilla/5.0 (Windows NT 10.0; Win64; x64) AppleWebKit/537.36 (KHTML, like Gecko) Chrome/93.0.4577.82 Safari/537.36" 2
[0:0:0:0:0:0:0:1] - - [2021-09-23:10:19:42 +0300] "GET /nflow/api/v1/workflow-executor HTTP/1.1" 200 181 "http://localhost:7500/nflow/ui/explorer/" "Mozilla/5.0 (Windows NT 10.0; Win64; x64) AppleWebKit/537.36 (KHTML, like Gecko) Chrome/93.0.4577.82 Safari/537.36" 2
[0:0:0:0:0:0:0:1] - - [2021-09-23:10:19:57 +0300] "GET /nflow/api/v1/workflow-executor HTTP/1.1" 200 181 "http://localhost:7500/nflow/ui/explorer/" "Mozilla/5.0 (Windows NT 10.0; Win64; x64) AppleWebKit/537.36 (KHTML, like Gecko) Chrome/93.0.4577.82 Safari/537.36" 2
[0:0:0:0:0:0:0:1] - - [2021-09-23:10:20:12 +0300] "GET /nflow/api/v1/workflow-executor HTTP/1.1" 200 181 "http://localhost:7500/nflow/ui/explorer/" "Mozilla/5.0 (Windows NT 10.0; Win64; x64) AppleWebKit/537.36 (KHTML, like Gecko) Chrome/93.0.4577.82 Safari/537.36" 2
[0:0:0:0:0:0:0:1] - - [2021-09-23:10:20:27 +0300] "GET /nflow/api/v1/workflow-executor HTTP/1.1" 200 181 "http://localhost:7500/nflow/ui/explorer/" "Mozilla/5.0 (Windows NT 10.0; Win64; x64) AppleWebKit/537.36 (KHTML, like Gecko) Chrome/93.0.4577.82 Safari/537.36" 2
[0:0:0:0:0:0:0:1] - - [2021-09-23:10:20:42 +0300] "GET /nflow/api/v1/workflow-executor HTTP/1.1" 200 181 "http://localhost:7500/nflow/ui/explorer/" "Mozilla/5.0 (Windows NT 10.0; Win64; x64) AppleWebKit/537.36 (KHTML, like Gecko) Chrome/93.0.4577.82 Safari/537.36" 1
[0:0:0:0:0:0:0:1] - - [2021-09-23:10:20:57 +0300] "GET /nflow/api/v1/workflow-executor HTTP/1.1" 200 181 "http://localhost:7500/nflow/ui/explorer/" "Mozilla/5.0 (Windows NT 10.0; Win64; x64) AppleWebKit/537.36 (KHTML, like Gecko) Chrome/93.0.4577.82 Safari/537.36" 1
[0:0:0:0:0:0:0:1] - - [2021-09-23:10:21:12 +0300] "GET /nflow/api/v1/workflow-executor HTTP/1.1" 200 181 "http://localhost:7500/nflow/ui/explorer/" "Mozilla/5.0 (Windows NT 10.0; Win64; x64) AppleWebKit/537.36 (KHTML, like Gecko) Chrome/93.0.4577.82 Safari/537.36" 2
[0:0:0:0:0:0:0:1] - - [2021-09-23:10:21:27 +0300] "GET /nflow/api/v1/workflow-executor HTTP/1.1" 200 181 "http://localhost:7500/nflow/ui/explorer/" "Mozilla/5.0 (Windows NT 10.0; Win64; x64) AppleWebKit/537.36 (KHTML, like Gecko) Chrome/93.0.4577.82 Safari/537.36" 2
[0:0:0:0:0:0:0:1] - - [2021-09-23:10:21:42 +0300] "GET /nflow/api/v1/workflow-executor HTTP/1.1" 200 181 "http://localhost:7500/nflow/ui/explorer/" "Mozilla/5.0 (Windows NT 10.0; Win64; x64) AppleWebKit/537.36 (KHTML, like Gecko) Chrome/93.0.4577.82 Safari/537.36" 2
[0:0:0:0:0:0:0:1] - - [2021-09-23:10:21:57 +0300] "GET /nflow/api/v1/workflow-executor HTTP/1.1" 200 181 "http://localhost:7500/nflow/ui/explorer/" "Mozilla/5.0 (Windows NT 10.0; Win64; x64) AppleWebKit/537.36 (KHTML, like Gecko) Chrome/93.0.4577.82 Safari/537.36" 2
[0:0:0:0:0:0:0:1] - - [2021-09-23:10:22:12 +0300] "GET /nflow/api/v1/workflow-executor HTTP/1.1" 200 181 "http://localhost:7500/nflow/ui/explorer/" "Mozilla/5.0 (Windows NT 10.0; Win64; x64) AppleWebKit/537.36 (KHTML, like Gecko) Chrome/93.0.4577.82 Safari/537.36" 1
[0:0:0:0:0:0:0:1] - - [2021-09-23:10:22:27 +0300] "GET /nflow/api/v1/workflow-executor HTTP/1.1" 200 181 "http://localhost:7500/nflow/ui/explorer/" "Mozilla/5.0 (Windows NT 10.0; Win64; x64) AppleWebKit/537.36 (KHTML, like Gecko) Chrome/93.0.4577.82 Safari/537.36" 2
[0:0:0:0:0:0:0:1] - - [2021-09-23:10:22:42 +0300] "GET /nflow/api/v1/workflow-executor HTTP/1.1" 200 181 "http://localhost:7500/nflow/ui/explorer/" "Mozilla/5.0 (Windows NT 10.0; Win64; x64) AppleWebKit/537.36 (KHTML, like Gecko) Chrome/93.0.4577.82 Safari/537.36" 2
[0:0:0:0:0:0:0:1] - - [2021-09-23:10:22:57 +0300] "GET /nflow/api/v1/workflow-executor HTTP/1.1" 200 181 "http://localhost:7500/nflow/ui/explorer/" "Mozilla/5.0 (Windows NT 10.0; Win64; x64) AppleWebKit/537.36 (KHTML, like Gecko) Chrome/93.0.4577.82 Safari/537.36" 2
[0:0:0:0:0:0:0:1] - - [2021-09-23:10:23:12 +0300] "GET /nflow/api/v1/workflow-executor HTTP/1.1" 200 181 "http://localhost:7500/nflow/ui/explorer/" "Mozilla/5.0 (Windows NT 10.0; Win64; x64) AppleWebKit/537.36 (KHTML, like Gecko) Chrome/93.0.4577.82 Safari/537.36" 1
[0:0:0:0:0:0:0:1] - - [2021-09-23:10:23:27 +0300] "GET /nflow/api/v1/workflow-executor HTTP/1.1" 200 181 "http://localhost:7500/nflow/ui/explorer/" "Mozilla/5.0 (Windows NT 10.0; Win64; x64) AppleWebKit/537.36 (KHTML, like Gecko) Chrome/93.0.4577.82 Safari/537.36" 3
[0:0:0:0:0:0:0:1] - - [2021-09-23:10:23:42 +0300] "GET /nflow/api/v1/workflow-executor HTTP/1.1" 200 181 "http://localhost:7500/nflow/ui/explorer/" "Mozilla/5.0 (Windows NT 10.0; Win64; x64) AppleWebKit/537.36 (KHTML, like Gecko) Chrome/93.0.4577.82 Safari/537.36" 2
[0:0:0:0:0:0:0:1] - - [2021-09-23:10:23:57 +0300] "GET /nflow/api/v1/workflow-executor HTTP/1.1" 200 181 "http://localhost:7500/nflow/ui/explorer/" "Mozilla/5.0 (Windows NT 10.0; Win64; x64) AppleWebKit/537.36 (KHTML, like Gecko) Chrome/93.0.4577.82 Safari/537.36" 1
[0:0:0:0:0:0:0:1] - - [2021-09-23:10:24:12 +0300] "GET /nflow/api/v1/workflow-executor HTTP/1.1" 200 181 "http://localhost:7500/nflow/ui/explorer/" "Mozilla/5.0 (Windows NT 10.0; Win64; x64) AppleWebKit/537.36 (KHTML, like Gecko) Chrome/93.0.4577.82 Safari/537.36" 2
[0:0:0:0:0:0:0:1] - - [2021-09-23:10:24:27 +0300] "GET /nflow/api/v1/workflow-executor HTTP/1.1" 200 181 "http://localhost:7500/nflow/ui/explorer/" "Mozilla/5.0 (Windows NT 10.0; Win64; x64) AppleWebKit/537.36 (KHTML, like Gecko) Chrome/93.0.4577.82 Safari/537.36" 2
[0:0:0:0:0:0:0:1] - - [2021-09-23:10:24:42 +0300] "GET /nflow/api/v1/workflow-executor HTTP/1.1" 200 181 "http://localhost:7500/nflow/ui/explorer/" "Mozilla/5.0 (Windows NT 10.0; Win64; x64) AppleWebKit/537.36 (KHTML, like Gecko) Chrome/93.0.4577.82 Safari/537.36" 1
[0:0:0:0:0:0:0:1] - - [2021-09-23:10:24:57 +0300] "GET /nflow/api/v1/workflow-executor HTTP/1.1" 200 181 "http://localhost:7500/nflow/ui/explorer/" "Mozilla/5.0 (Windows NT 10.0; Win64; x64) AppleWebKit/537.36 (KHTML, like Gecko) Chrome/93.0.4577.82 Safari/537.36" 1
[0:0:0:0:0:0:0:1] - - [2021-09-23:10:25:12 +0300] "GET /nflow/api/v1/workflow-executor HTTP/1.1" 200 181 "http://localhost:7500/nflow/ui/explorer/" "Mozilla/5.0 (Windows NT 10.0; Win64; x64) AppleWebKit/537.36 (KHTML, like Gecko) Chrome/93.0.4577.82 Safari/537.36" 1
[0:0:0:0:0:0:0:1] - - [2021-09-23:10:25:27 +0300] "GET /nflow/api/v1/workflow-executor HTTP/1.1" 200 181 "http://localhost:7500/nflow/ui/explorer/" "Mozilla/5.0 (Windows NT 10.0; Win64; x64) AppleWebKit/537.36 (KHTML, like Gecko) Chrome/93.0.4577.82 Safari/537.36" 2
[0:0:0:0:0:0:0:1] - - [2021-09-23:10:25:42 +0300] "GET /nflow/api/v1/workflow-executor HTTP/1.1" 200 181 "http://localhost:7500/nflow/ui/explorer/" "Mozilla/5.0 (Windows NT 10.0; Win64; x64) AppleWebKit/537.36 (KHTML, like Gecko) Chrome/93.0.4577.82 Safari/537.36" 2
[0:0:0:0:0:0:0:1] - - [2021-09-23:10:25:57 +0300] "GET /nflow/api/v1/workflow-executor HTTP/1.1" 200 181 "http://localhost:7500/nflow/ui/explorer/" "Mozilla/5.0 (Windows NT 10.0; Win64; x64) AppleWebKit/537.36 (KHTML, like Gecko) Chrome/93.0.4577.82 Safari/537.36" 2
[0:0:0:0:0:0:0:1] - - [2021-09-23:10:26:43 +0300] "GET /nflow/api/v1/workflow-executor HTTP/1.1" 200 181 "http://localhost:7500/nflow/ui/explorer/" "Mozilla/5.0 (Windows NT 10.0; Win64; x64) AppleWebKit/537.36 (KHTML, like Gecko) Chrome/93.0.4577.82 Safari/537.36" 2
[0:0:0:0:0:0:0:1] - - [2021-09-23:10:27:43 +0300] "GET /nflow/api/v1/workflow-executor HTTP/1.1" 200 181 "http://localhost:7500/nflow/ui/explorer/" "Mozilla/5.0 (Windows NT 10.0; Win64; x64) AppleWebKit/537.36 (KHTML, like Gecko) Chrome/93.0.4577.82 Safari/537.36" 2
[0:0:0:0:0:0:0:1] - - [2021-09-23:10:28:43 +0300] "GET /nflow/api/v1/workflow-executor HTTP/1.1" 200 181 "http://localhost:7500/nflow/ui/explorer/" "Mozilla/5.0 (Windows NT 10.0; Win64; x64) AppleWebKit/537.36 (KHTML, like Gecko) Chrome/93.0.4577.82 Safari/537.36" 3
[0:0:0:0:0:0:0:1] - - [2021-09-23:10:29:43 +0300] "GET /nflow/api/v1/workflow-executor HTTP/1.1" 200 181 "http://localhost:7500/nflow/ui/explorer/" "Mozilla/5.0 (Windows NT 10.0; Win64; x64) AppleWebKit/537.36 (KHTML, like Gecko) Chrome/93.0.4577.82 Safari/537.36" 3
[0:0:0:0:0:0:0:1] - - [2021-09-23:10:30:43 +0300] "GET /nflow/api/v1/workflow-executor HTTP/1.1" 200 181 "http://localhost:7500/nflow/ui/explorer/" "Mozilla/5.0 (Windows NT 10.0; Win64; x64) AppleWebKit/537.36 (KHTML, like Gecko) Chrome/93.0.4577.82 Safari/537.36" 2
[0:0:0:0:0:0:0:1] - - [2021-09-23:10:31:32 +0300] "GET /nflow/api/v1/workflow-executor HTTP/1.1" 200 181 "http://localhost:7500/nflow/ui/explorer/" "Mozilla/5.0 (Windows NT 10.0; Win64; x64) AppleWebKit/537.36 (KHTML, like Gecko) Chrome/93.0.4577.82 Safari/537.36" 2
[0:0:0:0:0:0:0:1] - - [2021-09-23:10:31:42 +0300] "GET /nflow/api/v1/workflow-executor HTTP/1.1" 200 181 "http://localhost:7500/nflow/ui/explorer/" "Mozilla/5.0 (Windows NT 10.0; Win64; x64) AppleWebKit/537.36 (KHTML, like Gecko) Chrome/93.0.4577.82 Safari/537.36" 1
[0:0:0:0:0:0:0:1] - - [2021-09-23:10:31:57 +0300] "GET /nflow/api/v1/workflow-executor HTTP/1.1" 200 181 "http://localhost:7500/nflow/ui/explorer/" "Mozilla/5.0 (Windows NT 10.0; Win64; x64) AppleWebKit/537.36 (KHTML, like Gecko) Chrome/93.0.4577.82 Safari/537.36" 2
[0:0:0:0:0:0:0:1] - - [2021-09-23:10:32:12 +0300] "GET /nflow/api/v1/workflow-executor HTTP/1.1" 200 181 "http://localhost:7500/nflow/ui/explorer/" "Mozilla/5.0 (Windows NT 10.0; Win64; x64) AppleWebKit/537.36 (KHTML, like Gecko) Chrome/93.0.4577.82 Safari/537.36" 1
[0:0:0:0:0:0:0:1] - - [2021-09-23:10:32:27 +0300] "GET /nflow/api/v1/workflow-executor HTTP/1.1" 200 181 "http://localhost:7500/nflow/ui/explorer/" "Mozilla/5.0 (Windows NT 10.0; Win64; x64) AppleWebKit/537.36 (KHTML, like Gecko) Chrome/93.0.4577.82 Safari/537.36" 2
[0:0:0:0:0:0:0:1] - - [2021-09-23:10:32:42 +0300] "GET /nflow/api/v1/workflow-executor HTTP/1.1" 200 181 "http://localhost:7500/nflow/ui/explorer/" "Mozilla/5.0 (Windows NT 10.0; Win64; x64) AppleWebKit/537.36 (KHTML, like Gecko) Chrome/93.0.4577.82 Safari/537.36" 2
[0:0:0:0:0:0:0:1] - - [2021-09-23:10:32:57 +0300] "GET /nflow/api/v1/workflow-executor HTTP/1.1" 200 181 "http://localhost:7500/nflow/ui/explorer/" "Mozilla/5.0 (Windows NT 10.0; Win64; x64) AppleWebKit/537.36 (KHTML, like Gecko) Chrome/93.0.4577.82 Safari/537.36" 1
[0:0:0:0:0:0:0:1] - - [2021-09-23:10:33:12 +0300] "GET /nflow/api/v1/workflow-executor HTTP/1.1" 200 181 "http://localhost:7500/nflow/ui/explorer/" "Mozilla/5.0 (Windows NT 10.0; Win64; x64) AppleWebKit/537.36 (KHTML, like Gecko) Chrome/93.0.4577.82 Safari/537.36" 2
[0:0:0:0:0:0:0:1] - - [2021-09-23:10:33:27 +0300] "GET /nflow/api/v1/workflow-executor HTTP/1.1" 200 181 "http://localhost:7500/nflow/ui/explorer/" "Mozilla/5.0 (Windows NT 10.0; Win64; x64) AppleWebKit/537.36 (KHTML, like Gecko) Chrome/93.0.4577.82 Safari/537.36" 2
[0:0:0:0:0:0:0:1] - - [2021-09-23:10:33:42 +0300] "GET /nflow/api/v1/workflow-executor HTTP/1.1" 200 181 "http://localhost:7500/nflow/ui/explorer/" "Mozilla/5.0 (Windows NT 10.0; Win64; x64) AppleWebKit/537.36 (KHTML, like Gecko) Chrome/93.0.4577.82 Safari/537.36" 2
[0:0:0:0:0:0:0:1] - - [2021-09-23:10:33:57 +0300] "GET /nflow/api/v1/workflow-executor HTTP/1.1" 200 181 "http://localhost:7500/nflow/ui/explorer/" "Mozilla/5.0 (Windows NT 10.0; Win64; x64) AppleWebKit/537.36 (KHTML, like Gecko) Chrome/93.0.4577.82 Safari/537.36" 2
[0:0:0:0:0:0:0:1] - - [2021-09-23:10:34:12 +0300] "GET /nflow/api/v1/workflow-executor HTTP/1.1" 200 181 "http://localhost:7500/nflow/ui/explorer/" "Mozilla/5.0 (Windows NT 10.0; Win64; x64) AppleWebKit/537.36 (KHTML, like Gecko) Chrome/93.0.4577.82 Safari/537.36" 1
[0:0:0:0:0:0:0:1] - - [2021-09-23:10:34:27 +0300] "GET /nflow/api/v1/workflow-executor HTTP/1.1" 200 181 "http://localhost:7500/nflow/ui/explorer/" "Mozilla/5.0 (Windows NT 10.0; Win64; x64) AppleWebKit/537.36 (KHTML, like Gecko) Chrome/93.0.4577.82 Safari/537.36" 2
[0:0:0:0:0:0:0:1] - - [2021-09-23:10:34:42 +0300] "GET /nflow/api/v1/workflow-executor HTTP/1.1" 200 181 "http://localhost:7500/nflow/ui/explorer/" "Mozilla/5.0 (Windows NT 10.0; Win64; x64) AppleWebKit/537.36 (KHTML, like Gecko) Chrome/93.0.4577.82 Safari/537.36" 2
[0:0:0:0:0:0:0:1] - - [2021-09-23:10:34:57 +0300] "GET /nflow/api/v1/workflow-executor HTTP/1.1" 200 181 "http://localhost:7500/nflow/ui/explorer/" "Mozilla/5.0 (Windows NT 10.0; Win64; x64) AppleWebKit/537.36 (KHTML, like Gecko) Chrome/93.0.4577.82 Safari/537.36" 2
[0:0:0:0:0:0:0:1] - - [2021-09-23:10:35:12 +0300] "GET /nflow/api/v1/workflow-executor HTTP/1.1" 200 181 "http://localhost:7500/nflow/ui/explorer/" "Mozilla/5.0 (Windows NT 10.0; Win64; x64) AppleWebKit/537.36 (KHTML, like Gecko) Chrome/93.0.4577.82 Safari/537.36" 1
[0:0:0:0:0:0:0:1] - - [2021-09-23:10:35:27 +0300] "GET /nflow/api/v1/workflow-executor HTTP/1.1" 200 181 "http://localhost:7500/nflow/ui/explorer/" "Mozilla/5.0 (Windows NT 10.0; Win64; x64) AppleWebKit/537.36 (KHTML, like Gecko) Chrome/93.0.4577.82 Safari/537.36" 2
[0:0:0:0:0:0:0:1] - - [2021-09-23:10:35:42 +0300] "GET /nflow/api/v1/workflow-executor HTTP/1.1" 200 181 "http://localhost:7500/nflow/ui/explorer/" "Mozilla/5.0 (Windows NT 10.0; Win64; x64) AppleWebKit/537.36 (KHTML, like Gecko) Chrome/93.0.4577.82 Safari/537.36" 2
[0:0:0:0:0:0:0:1] - - [2021-09-23:10:35:57 +0300] "GET /nflow/api/v1/workflow-executor HTTP/1.1" 200 181 "http://localhost:7500/nflow/ui/explorer/" "Mozilla/5.0 (Windows NT 10.0; Win64; x64) AppleWebKit/537.36 (KHTML, like Gecko) Chrome/93.0.4577.82 Safari/537.36" 1
[0:0:0:0:0:0:0:1] - - [2021-09-23:10:36:12 +0300] "GET /nflow/api/v1/workflow-executor HTTP/1.1" 200 181 "http://localhost:7500/nflow/ui/explorer/" "Mozilla/5.0 (Windows NT 10.0; Win64; x64) AppleWebKit/537.36 (KHTML, like Gecko) Chrome/93.0.4577.82 Safari/537.36" 1
[0:0:0:0:0:0:0:1] - - [2021-09-23:10:36:27 +0300] "GET /nflow/api/v1/workflow-executor HTTP/1.1" 200 181 "http://localhost:7500/nflow/ui/explorer/" "Mozilla/5.0 (Windows NT 10.0; Win64; x64) AppleWebKit/537.36 (KHTML, like Gecko) Chrome/93.0.4577.82 Safari/537.36" 2
[0:0:0:0:0:0:0:1] - - [2021-09-23:10:36:42 +0300] "GET /nflow/api/v1/workflow-executor HTTP/1.1" 200 181 "http://localhost:7500/nflow/ui/explorer/" "Mozilla/5.0 (Windows NT 10.0; Win64; x64) AppleWebKit/537.36 (KHTML, like Gecko) Chrome/93.0.4577.82 Safari/537.36" 2
[0:0:0:0:0:0:0:1] - - [2021-09-23:10:36:57 +0300] "GET /nflow/api/v1/workflow-executor HTTP/1.1" 200 181 "http://localhost:7500/nflow/ui/explorer/" "Mozilla/5.0 (Windows NT 10.0; Win64; x64) AppleWebKit/537.36 (KHTML, like Gecko) Chrome/93.0.4577.82 Safari/537.36" 2
[0:0:0:0:0:0:0:1] - - [2021-09-23:10:37:12 +0300] "GET /nflow/api/v1/workflow-executor HTTP/1.1" 200 181 "http://localhost:7500/nflow/ui/explorer/" "Mozilla/5.0 (Windows NT 10.0; Win64; x64) AppleWebKit/537.36 (KHTML, like Gecko) Chrome/93.0.4577.82 Safari/537.36" 1
[0:0:0:0:0:0:0:1] - - [2021-09-23:10:37:43 +0300] "GET /nflow/api/v1/workflow-executor HTTP/1.1" 200 181 "http://localhost:7500/nflow/ui/explorer/" "Mozilla/5.0 (Windows NT 10.0; Win64; x64) AppleWebKit/537.36 (KHTML, like Gecko) Chrome/93.0.4577.82 Safari/537.36" 2
[0:0:0:0:0:0:0:1] - - [2021-09-23:10:38:43 +0300] "GET /nflow/api/v1/workflow-executor HTTP/1.1" 200 181 "http://localhost:7500/nflow/ui/explorer/" "Mozilla/5.0 (Windows NT 10.0; Win64; x64) AppleWebKit/537.36 (KHTML, like Gecko) Chrome/93.0.4577.82 Safari/537.36" 2
[0:0:0:0:0:0:0:1] - - [2021-09-23:10:39:43 +0300] "GET /nflow/api/v1/workflow-executor HTTP/1.1" 200 181 "http://localhost:7500/nflow/ui/explorer/" "Mozilla/5.0 (Windows NT 10.0; Win64; x64) AppleWebKit/537.36 (KHTML, like Gecko) Chrome/93.0.4577.82 Safari/537.36" 2
[0:0:0:0:0:0:0:1] - - [2021-09-23:10:40:03 +0300] "GET /nflow/api/v1/workflow-executor HTTP/1.1" 200 181 "http://localhost:7500/nflow/ui/explorer/" "Mozilla/5.0 (Windows NT 10.0; Win64; x64) AppleWebKit/537.36 (KHTML, like Gecko) Chrome/93.0.4577.82 Safari/537.36" 3
[0:0:0:0:0:0:0:1] - - [2021-09-23:10:40:12 +0300] "GET /nflow/api/v1/workflow-executor HTTP/1.1" 200 181 "http://localhost:7500/nflow/ui/explorer/" "Mozilla/5.0 (Windows NT 10.0; Win64; x64) AppleWebKit/537.36 (KHTML, like Gecko) Chrome/93.0.4577.82 Safari/537.36" 2
[0:0:0:0:0:0:0:1] - - [2021-09-23:10:40:27 +0300] "GET /nflow/api/v1/workflow-executor HTTP/1.1" 200 181 "http://localhost:7500/nflow/ui/explorer/" "Mozilla/5.0 (Windows NT 10.0; Win64; x64) AppleWebKit/537.36 (KHTML, like Gecko) Chrome/93.0.4577.82 Safari/537.36" 2
[0:0:0:0:0:0:0:1] - - [2021-09-23:10:40:42 +0300] "GET /nflow/api/v1/workflow-executor HTTP/1.1" 200 181 "http://localhost:7500/nflow/ui/explorer/" "Mozilla/5.0 (Windows NT 10.0; Win64; x64) AppleWebKit/537.36 (KHTML, like Gecko) Chrome/93.0.4577.82 Safari/537.36" 2
[0:0:0:0:0:0:0:1] - - [2021-09-23:10:40:57 +0300] "GET /nflow/api/v1/workflow-executor HTTP/1.1" 200 181 "http://localhost:7500/nflow/ui/explorer/" "Mozilla/5.0 (Windows NT 10.0; Win64; x64) AppleWebKit/537.36 (KHTML, like Gecko) Chrome/93.0.4577.82 Safari/537.36" 2
[0:0:0:0:0:0:0:1] - - [2021-09-23:10:41:12 +0300] "GET /nflow/api/v1/workflow-executor HTTP/1.1" 200 181 "http://localhost:7500/nflow/ui/explorer/" "Mozilla/5.0 (Windows NT 10.0; Win64; x64) AppleWebKit/537.36 (KHTML, like Gecko) Chrome/93.0.4577.82 Safari/537.36" 2
[0:0:0:0:0:0:0:1] - - [2021-09-23:10:41:27 +0300] "GET /nflow/api/v1/workflow-executor HTTP/1.1" 200 181 "http://localhost:7500/nflow/ui/explorer/" "Mozilla/5.0 (Windows NT 10.0; Win64; x64) AppleWebKit/537.36 (KHTML, like Gecko) Chrome/93.0.4577.82 Safari/537.36" 1
[0:0:0:0:0:0:0:1] - - [2021-09-23:10:41:42 +0300] "GET /nflow/api/v1/workflow-executor HTTP/1.1" 200 181 "http://localhost:7500/nflow/ui/explorer/" "Mozilla/5.0 (Windows NT 10.0; Win64; x64) AppleWebKit/537.36 (KHTML, like Gecko) Chrome/93.0.4577.82 Safari/537.36" 2
[0:0:0:0:0:0:0:1] - - [2021-09-23:10:41:57 +0300] "GET /nflow/api/v1/workflow-executor HTTP/1.1" 200 181 "http://localhost:7500/nflow/ui/explorer/" "Mozilla/5.0 (Windows NT 10.0; Win64; x64) AppleWebKit/537.36 (KHTML, like Gecko) Chrome/93.0.4577.82 Safari/537.36" 2
[0:0:0:0:0:0:0:1] - - [2021-09-23:10:42:12 +0300] "GET /nflow/api/v1/workflow-executor HTTP/1.1" 200 181 "http://localhost:7500/nflow/ui/explorer/" "Mozilla/5.0 (Windows NT 10.0; Win64; x64) AppleWebKit/537.36 (KHTML, like Gecko) Chrome/93.0.4577.82 Safari/537.36" 1
[0:0:0:0:0:0:0:1] - - [2021-09-23:10:42:21 +0300] "GET /nflow/ui/explorer/app/search/search.html HTTP/1.1" 200 265 "http://localhost:7500/nflow/ui/explorer/" "Mozilla/5.0 (Windows NT 10.0; Win64; x64) AppleWebKit/537.36 (KHTML, like Gecko) Chrome/93.0.4577.82 Safari/537.36" 1
[0:0:0:0:0:0:0:1] - - [2021-09-23:10:42:21 +0300] "GET /nflow/ui/explorer/app/search/searchForm.html HTTP/1.1" 200 1852 "http://localhost:7500/nflow/ui/explorer/" "Mozilla/5.0 (Windows NT 10.0; Win64; x64) AppleWebKit/537.36 (KHTML, like Gecko) Chrome/93.0.4577.82 Safari/537.36" 2
[0:0:0:0:0:0:0:1] - - [2021-09-23:10:42:21 +0300] "GET /nflow/ui/explorer/app/search/searchResult.html HTTP/1.1" 200 1447 "http://localhost:7500/nflow/ui/explorer/" "Mozilla/5.0 (Windows NT 10.0; Win64; x64) AppleWebKit/537.36 (KHTML, like Gecko) Chrome/93.0.4577.82 Safari/537.36" 2
[0:0:0:0:0:0:0:1] - - [2021-09-23:10:42:21 +0300] "GET /nflow/ui/explorer/images/spinner.e9dc9f7a.gif HTTP/1.1" 200 29093 "http://localhost:7500/nflow/ui/explorer/" "Mozilla/5.0 (Windows NT 10.0; Win64; x64) AppleWebKit/537.36 (KHTML, like Gecko) Chrome/93.0.4577.82 Safari/537.36" 1
[0:0:0:0:0:0:0:1] - - [2021-09-23:10:42:24 +0300] "GET /nflow/ui/explorer/app/executors/executors.html HTTP/1.1" 200 100 "http://localhost:7500/nflow/ui/explorer/" "Mozilla/5.0 (Windows NT 10.0; Win64; x64) AppleWebKit/537.36 (KHTML, like Gecko) Chrome/93.0.4577.82 Safari/537.36" 0
[0:0:0:0:0:0:0:1] - - [2021-09-23:10:42:24 +0300] "GET /nflow/ui/explorer/app/executors/executorTable.html HTTP/1.1" 200 1048 "http://localhost:7500/nflow/ui/explorer/" "Mozilla/5.0 (Windows NT 10.0; Win64; x64) AppleWebKit/537.36 (KHTML, like Gecko) Chrome/93.0.4577.82 Safari/537.36" 1
[0:0:0:0:0:0:0:1] - - [2021-09-23:10:42:27 +0300] "GET /nflow/api/v1/workflow-executor HTTP/1.1" 200 181 "http://localhost:7500/nflow/ui/explorer/" "Mozilla/5.0 (Windows NT 10.0; Win64; x64) AppleWebKit/537.36 (KHTML, like Gecko) Chrome/93.0.4577.82 Safari/537.36" 2
[0:0:0:0:0:0:0:1] - - [2021-09-23:10:42:42 +0300] "GET /nflow/api/v1/workflow-executor HTTP/1.1" 200 181 "http://localhost:7500/nflow/ui/explorer/" "Mozilla/5.0 (Windows NT 10.0; Win64; x64) AppleWebKit/537.36 (KHTML, like Gecko) Chrome/93.0.4577.82 Safari/537.36" 1
[0:0:0:0:0:0:0:1] - - [2021-09-23:10:42:57 +0300] "GET /nflow/api/v1/workflow-executor HTTP/1.1" 200 181 "http://localhost:7500/nflow/ui/explorer/" "Mozilla/5.0 (Windows NT 10.0; Win64; x64) AppleWebKit/537.36 (KHTML, like Gecko) Chrome/93.0.4577.82 Safari/537.36" 1
[0:0:0:0:0:0:0:1] - - [2021-09-23:10:43:12 +0300] "GET /nflow/api/v1/workflow-executor HTTP/1.1" 200 181 "http://localhost:7500/nflow/ui/explorer/" "Mozilla/5.0 (Windows NT 10.0; Win64; x64) AppleWebKit/537.36 (KHTML, like Gecko) Chrome/93.0.4577.82 Safari/537.36" 2
[0:0:0:0:0:0:0:1] - - [2021-09-23:10:43:27 +0300] "GET /nflow/api/v1/workflow-executor HTTP/1.1" 200 181 "http://localhost:7500/nflow/ui/explorer/" "Mozilla/5.0 (Windows NT 10.0; Win64; x64) AppleWebKit/537.36 (KHTML, like Gecko) Chrome/93.0.4577.82 Safari/537.36" 2
[0:0:0:0:0:0:0:1] - - [2021-09-23:10:43:42 +0300] "GET /nflow/api/v1/workflow-executor HTTP/1.1" 200 181 "http://localhost:7500/nflow/ui/explorer/" "Mozilla/5.0 (Windows NT 10.0; Win64; x64) AppleWebKit/537.36 (KHTML, like Gecko) Chrome/93.0.4577.82 Safari/537.36" 1
[0:0:0:0:0:0:0:1] - - [2021-09-23:10:43:57 +0300] "GET /nflow/api/v1/workflow-executor HTTP/1.1" 200 181 "http://localhost:7500/nflow/ui/explorer/" "Mozilla/5.0 (Windows NT 10.0; Win64; x64) AppleWebKit/537.36 (KHTML, like Gecko) Chrome/93.0.4577.82 Safari/537.36" 2
[0:0:0:0:0:0:0:1] - - [2021-09-23:10:44:12 +0300] "GET /nflow/api/v1/workflow-executor HTTP/1.1" 200 181 "http://localhost:7500/nflow/ui/explorer/" "Mozilla/5.0 (Windows NT 10.0; Win64; x64) AppleWebKit/537.36 (KHTML, like Gecko) Chrome/93.0.4577.82 Safari/537.36" 1
[0:0:0:0:0:0:0:1] - - [2021-09-23:10:44:27 +0300] "GET /nflow/api/v1/workflow-executor HTTP/1.1" 200 181 "http://localhost:7500/nflow/ui/explorer/" "Mozilla/5.0 (Windows NT 10.0; Win64; x64) AppleWebKit/537.36 (KHTML, like Gecko) Chrome/93.0.4577.82 Safari/537.36" 2
[0:0:0:0:0:0:0:1] - - [2021-09-23:10:44:42 +0300] "GET /nflow/api/v1/workflow-executor HTTP/1.1" 200 181 "http://localhost:7500/nflow/ui/explorer/" "Mozilla/5.0 (Windows NT 10.0; Win64; x64) AppleWebKit/537.36 (KHTML, like Gecko) Chrome/93.0.4577.82 Safari/537.36" 1
[0:0:0:0:0:0:0:1] - - [2021-09-23:10:44:57 +0300] "GET /nflow/api/v1/workflow-executor HTTP/1.1" 200 181 "http://localhost:7500/nflow/ui/explorer/" "Mozilla/5.0 (Windows NT 10.0; Win64; x64) AppleWebKit/537.36 (KHTML, like Gecko) Chrome/93.0.4577.82 Safari/537.36" 1
[0:0:0:0:0:0:0:1] - - [2021-09-23:10:45:12 +0300] "GET /nflow/api/v1/workflow-executor HTTP/1.1" 200 181 "http://localhost:7500/nflow/ui/explorer/" "Mozilla/5.0 (Windows NT 10.0; Win64; x64) AppleWebKit/537.36 (KHTML, like Gecko) Chrome/93.0.4577.82 Safari/537.36" 1
[0:0:0:0:0:0:0:1] - - [2021-09-23:10:45:27 +0300] "GET /nflow/api/v1/workflow-executor HTTP/1.1" 200 181 "http://localhost:7500/nflow/ui/explorer/" "Mozilla/5.0 (Windows NT 10.0; Win64; x64) AppleWebKit/537.36 (KHTML, like Gecko) Chrome/93.0.4577.82 Safari/537.36" 1
[0:0:0:0:0:0:0:1] - - [2021-09-23:10:45:42 +0300] "GET /nflow/api/v1/workflow-executor HTTP/1.1" 200 181 "http://localhost:7500/nflow/ui/explorer/" "Mozilla/5.0 (Windows NT 10.0; Win64; x64) AppleWebKit/537.36 (KHTML, like Gecko) Chrome/93.0.4577.82 Safari/537.36" 1
[0:0:0:0:0:0:0:1] - - [2021-09-23:10:45:57 +0300] "GET /nflow/api/v1/workflow-executor HTTP/1.1" 200 181 "http://localhost:7500/nflow/ui/explorer/" "Mozilla/5.0 (Windows NT 10.0; Win64; x64) AppleWebKit/537.36 (KHTML, like Gecko) Chrome/93.0.4577.82 Safari/537.36" 1
[0:0:0:0:0:0:0:1] - - [2021-09-23:10:46:12 +0300] "GET /nflow/api/v1/workflow-executor HTTP/1.1" 200 181 "http://localhost:7500/nflow/ui/explorer/" "Mozilla/5.0 (Windows NT 10.0; Win64; x64) AppleWebKit/537.36 (KHTML, like Gecko) Chrome/93.0.4577.82 Safari/537.36" 2
[0:0:0:0:0:0:0:1] - - [2021-09-23:10:46:27 +0300] "GET /nflow/api/v1/workflow-executor HTTP/1.1" 200 181 "http://localhost:7500/nflow/ui/explorer/" "Mozilla/5.0 (Windows NT 10.0; Win64; x64) AppleWebKit/537.36 (KHTML, like Gecko) Chrome/93.0.4577.82 Safari/537.36" 2
[0:0:0:0:0:0:0:1] - - [2021-09-23:10:46:42 +0300] "GET /nflow/api/v1/workflow-executor HTTP/1.1" 200 181 "http://localhost:7500/nflow/ui/explorer/" "Mozilla/5.0 (Windows NT 10.0; Win64; x64) AppleWebKit/537.36 (KHTML, like Gecko) Chrome/93.0.4577.82 Safari/537.36" 2
[0:0:0:0:0:0:0:1] - - [2021-09-23:10:46:57 +0300] "GET /nflow/api/v1/workflow-executor HTTP/1.1" 200 181 "http://localhost:7500/nflow/ui/explorer/" "Mozilla/5.0 (Windows NT 10.0; Win64; x64) AppleWebKit/537.36 (KHTML, like Gecko) Chrome/93.0.4577.82 Safari/537.36" 2
[0:0:0:0:0:0:0:1] - - [2021-09-23:10:47:12 +0300] "GET /nflow/api/v1/workflow-executor HTTP/1.1" 200 181 "http://localhost:7500/nflow/ui/explorer/" "Mozilla/5.0 (Windows NT 10.0; Win64; x64) AppleWebKit/537.36 (KHTML, like Gecko) Chrome/93.0.4577.82 Safari/537.36" 2
[0:0:0:0:0:0:0:1] - - [2021-09-23:10:47:43 +0300] "GET /nflow/api/v1/workflow-executor HTTP/1.1" 200 181 "http://localhost:7500/nflow/ui/explorer/" "Mozilla/5.0 (Windows NT 10.0; Win64; x64) AppleWebKit/537.36 (KHTML, like Gecko) Chrome/93.0.4577.82 Safari/537.36" 2
[0:0:0:0:0:0:0:1] - - [2021-09-23:10:48:43 +0300] "GET /nflow/api/v1/workflow-executor HTTP/1.1" 200 181 "http://localhost:7500/nflow/ui/explorer/" "Mozilla/5.0 (Windows NT 10.0; Win64; x64) AppleWebKit/537.36 (KHTML, like Gecko) Chrome/93.0.4577.82 Safari/537.36" 3
[0:0:0:0:0:0:0:1] - - [2021-09-23:10:49:43 +0300] "GET /nflow/api/v1/workflow-executor HTTP/1.1" 200 181 "http://localhost:7500/nflow/ui/explorer/" "Mozilla/5.0 (Windows NT 10.0; Win64; x64) AppleWebKit/537.36 (KHTML, like Gecko) Chrome/93.0.4577.82 Safari/537.36" 3
[0:0:0:0:0:0:0:1] - - [2021-09-23:10:50:43 +0300] "GET /nflow/api/v1/workflow-executor HTTP/1.1" 200 181 "http://localhost:7500/nflow/ui/explorer/" "Mozilla/5.0 (Windows NT 10.0; Win64; x64) AppleWebKit/537.36 (KHTML, like Gecko) Chrome/93.0.4577.82 Safari/537.36" 2
[0:0:0:0:0:0:0:1] - - [2021-09-23:10:51:43 +0300] "GET /nflow/api/v1/workflow-executor HTTP/1.1" 200 181 "http://localhost:7500/nflow/ui/explorer/" "Mozilla/5.0 (Windows NT 10.0; Win64; x64) AppleWebKit/537.36 (KHTML, like Gecko) Chrome/93.0.4577.82 Safari/537.36" 2
[0:0:0:0:0:0:0:1] - - [2021-09-23:10:52:43 +0300] "GET /nflow/api/v1/workflow-executor HTTP/1.1" 200 181 "http://localhost:7500/nflow/ui/explorer/" "Mozilla/5.0 (Windows NT 10.0; Win64; x64) AppleWebKit/537.36 (KHTML, like Gecko) Chrome/93.0.4577.82 Safari/537.36" 3
[0:0:0:0:0:0:0:1] - - [2021-09-23:10:53:43 +0300] "GET /nflow/api/v1/workflow-executor HTTP/1.1" 200 181 "http://localhost:7500/nflow/ui/explorer/" "Mozilla/5.0 (Windows NT 10.0; Win64; x64) AppleWebKit/537.36 (KHTML, like Gecko) Chrome/93.0.4577.82 Safari/537.36" 4
[0:0:0:0:0:0:0:1] - - [2021-09-23:10:54:43 +0300] "GET /nflow/api/v1/workflow-executor HTTP/1.1" 200 181 "http://localhost:7500/nflow/ui/explorer/" "Mozilla/5.0 (Windows NT 10.0; Win64; x64) AppleWebKit/537.36 (KHTML, like Gecko) Chrome/93.0.4577.82 Safari/537.36" 4
[0:0:0:0:0:0:0:1] - - [2021-09-23:10:55:43 +0300] "GET /nflow/api/v1/workflow-executor HTTP/1.1" 200 181 "http://localhost:7500/nflow/ui/explorer/" "Mozilla/5.0 (Windows NT 10.0; Win64; x64) AppleWebKit/537.36 (KHTML, like Gecko) Chrome/93.0.4577.82 Safari/537.36" 2
[0:0:0:0:0:0:0:1] - - [2021-09-23:10:56:43 +0300] "GET /nflow/api/v1/workflow-executor HTTP/1.1" 200 181 "http://localhost:7500/nflow/ui/explorer/" "Mozilla/5.0 (Windows NT 10.0; Win64; x64) AppleWebKit/537.36 (KHTML, like Gecko) Chrome/93.0.4577.82 Safari/537.36" 2
[0:0:0:0:0:0:0:1] - - [2021-09-23:10:57:43 +0300] "GET /nflow/api/v1/workflow-executor HTTP/1.1" 200 181 "http://localhost:7500/nflow/ui/explorer/" "Mozilla/5.0 (Windows NT 10.0; Win64; x64) AppleWebKit/537.36 (KHTML, like Gecko) Chrome/93.0.4577.82 Safari/537.36" 2
[0:0:0:0:0:0:0:1] - - [2021-09-23:10:58:43 +0300] "GET /nflow/api/v1/workflow-executor HTTP/1.1" 200 181 "http://localhost:7500/nflow/ui/explorer/" "Mozilla/5.0 (Windows NT 10.0; Win64; x64) AppleWebKit/537.36 (KHTML, like Gecko) Chrome/93.0.4577.82 Safari/537.36" 3
[0:0:0:0:0:0:0:1] - - [2021-09-23:10:59:43 +0300] "GET /nflow/api/v1/workflow-executor HTTP/1.1" 200 181 "http://localhost:7500/nflow/ui/explorer/" "Mozilla/5.0 (Windows NT 10.0; Win64; x64) AppleWebKit/537.36 (KHTML, like Gecko) Chrome/93.0.4577.82 Safari/537.36" 2
[0:0:0:0:0:0:0:1] - - [2021-09-23:11:00:39 +0300] "GET /nflow/api/v1/workflow-executor HTTP/1.1" 200 181 "http://localhost:7500/nflow/ui/explorer/" "Mozilla/5.0 (Windows NT 10.0; Win64; x64) AppleWebKit/537.36 (KHTML, like Gecko) Chrome/93.0.4577.82 Safari/537.36" 4
[0:0:0:0:0:0:0:1] - - [2021-09-23:11:00:42 +0300] "GET /nflow/api/v1/workflow-executor HTTP/1.1" 200 181 "http://localhost:7500/nflow/ui/explorer/" "Mozilla/5.0 (Windows NT 10.0; Win64; x64) AppleWebKit/537.36 (KHTML, like Gecko) Chrome/93.0.4577.82 Safari/537.36" 2
[0:0:0:0:0:0:0:1] - - [2021-09-23:11:00:57 +0300] "GET /nflow/api/v1/workflow-executor HTTP/1.1" 200 181 "http://localhost:7500/nflow/ui/explorer/" "Mozilla/5.0 (Windows NT 10.0; Win64; x64) AppleWebKit/537.36 (KHTML, like Gecko) Chrome/93.0.4577.82 Safari/537.36" 2
[0:0:0:0:0:0:0:1] - - [2021-09-23:11:01:12 +0300] "GET /nflow/api/v1/workflow-executor HTTP/1.1" 200 181 "http://localhost:7500/nflow/ui/explorer/" "Mozilla/5.0 (Windows NT 10.0; Win64; x64) AppleWebKit/537.36 (KHTML, like Gecko) Chrome/93.0.4577.82 Safari/537.36" 1
[0:0:0:0:0:0:0:1] - - [2021-09-23:11:01:27 +0300] "GET /nflow/api/v1/workflow-executor HTTP/1.1" 200 181 "http://localhost:7500/nflow/ui/explorer/" "Mozilla/5.0 (Windows NT 10.0; Win64; x64) AppleWebKit/537.36 (KHTML, like Gecko) Chrome/93.0.4577.82 Safari/537.36" 1
[0:0:0:0:0:0:0:1] - - [2021-09-23:11:01:42 +0300] "GET /nflow/api/v1/workflow-executor HTTP/1.1" 200 181 "http://localhost:7500/nflow/ui/explorer/" "Mozilla/5.0 (Windows NT 10.0; Win64; x64) AppleWebKit/537.36 (KHTML, like Gecko) Chrome/93.0.4577.82 Safari/537.36" 2
[0:0:0:0:0:0:0:1] - - [2021-09-23:11:01:57 +0300] "GET /nflow/api/v1/workflow-executor HTTP/1.1" 200 181 "http://localhost:7500/nflow/ui/explorer/" "Mozilla/5.0 (Windows NT 10.0; Win64; x64) AppleWebKit/537.36 (KHTML, like Gecko) Chrome/93.0.4577.82 Safari/537.36" 2
[0:0:0:0:0:0:0:1] - - [2021-09-23:11:02:12 +0300] "GET /nflow/api/v1/workflow-executor HTTP/1.1" 200 181 "http://localhost:7500/nflow/ui/explorer/" "Mozilla/5.0 (Windows NT 10.0; Win64; x64) AppleWebKit/537.36 (KHTML, like Gecko) Chrome/93.0.4577.82 Safari/537.36" 1
[0:0:0:0:0:0:0:1] - - [2021-09-23:11:02:27 +0300] "GET /nflow/api/v1/workflow-executor HTTP/1.1" 200 181 "http://localhost:7500/nflow/ui/explorer/" "Mozilla/5.0 (Windows NT 10.0; Win64; x64) AppleWebKit/537.36 (KHTML, like Gecko) Chrome/93.0.4577.82 Safari/537.36" 1
[0:0:0:0:0:0:0:1] - - [2021-09-23:11:02:42 +0300] "GET /nflow/api/v1/workflow-executor HTTP/1.1" 200 181 "http://localhost:7500/nflow/ui/explorer/" "Mozilla/5.0 (Windows NT 10.0; Win64; x64) AppleWebKit/537.36 (KHTML, like Gecko) Chrome/93.0.4577.82 Safari/537.36" 2
[0:0:0:0:0:0:0:1] - - [2021-09-23:11:02:57 +0300] "GET /nflow/api/v1/workflow-executor HTTP/1.1" 200 181 "http://localhost:7500/nflow/ui/explorer/" "Mozilla/5.0 (Windows NT 10.0; Win64; x64) AppleWebKit/537.36 (KHTML, like Gecko) Chrome/93.0.4577.82 Safari/537.36" 1
[0:0:0:0:0:0:0:1] - - [2021-09-23:11:03:12 +0300] "GET /nflow/api/v1/workflow-executor HTTP/1.1" 200 181 "http://localhost:7500/nflow/ui/explorer/" "Mozilla/5.0 (Windows NT 10.0; Win64; x64) AppleWebKit/537.36 (KHTML, like Gecko) Chrome/93.0.4577.82 Safari/537.36" 1
[0:0:0:0:0:0:0:1] - - [2021-09-23:11:03:27 +0300] "GET /nflow/api/v1/workflow-executor HTTP/1.1" 200 181 "http://localhost:7500/nflow/ui/explorer/" "Mozilla/5.0 (Windows NT 10.0; Win64; x64) AppleWebKit/537.36 (KHTML, like Gecko) Chrome/93.0.4577.82 Safari/537.36" 2
[0:0:0:0:0:0:0:1] - - [2021-09-23:11:03:42 +0300] "GET /nflow/api/v1/workflow-executor HTTP/1.1" 200 181 "http://localhost:7500/nflow/ui/explorer/" "Mozilla/5.0 (Windows NT 10.0; Win64; x64) AppleWebKit/537.36 (KHTML, like Gecko) Chrome/93.0.4577.82 Safari/537.36" 2
[0:0:0:0:0:0:0:1] - - [2021-09-23:11:03:57 +0300] "GET /nflow/api/v1/workflow-executor HTTP/1.1" 200 181 "http://localhost:7500/nflow/ui/explorer/" "Mozilla/5.0 (Windows NT 10.0; Win64; x64) AppleWebKit/537.36 (KHTML, like Gecko) Chrome/93.0.4577.82 Safari/537.36" 2
[0:0:0:0:0:0:0:1] - - [2021-09-23:11:04:12 +0300] "GET /nflow/api/v1/workflow-executor HTTP/1.1" 200 181 "http://localhost:7500/nflow/ui/explorer/" "Mozilla/5.0 (Windows NT 10.0; Win64; x64) AppleWebKit/537.36 (KHTML, like Gecko) Chrome/93.0.4577.82 Safari/537.36" 1
[0:0:0:0:0:0:0:1] - - [2021-09-23:11:04:27 +0300] "GET /nflow/api/v1/workflow-executor HTTP/1.1" 200 181 "http://localhost:7500/nflow/ui/explorer/" "Mozilla/5.0 (Windows NT 10.0; Win64; x64) AppleWebKit/537.36 (KHTML, like Gecko) Chrome/93.0.4577.82 Safari/537.36" 1
[0:0:0:0:0:0:0:1] - - [2021-09-23:11:04:42 +0300] "GET /nflow/api/v1/workflow-executor HTTP/1.1" 200 181 "http://localhost:7500/nflow/ui/explorer/" "Mozilla/5.0 (Windows NT 10.0; Win64; x64) AppleWebKit/537.36 (KHTML, like Gecko) Chrome/93.0.4577.82 Safari/537.36" 2
[0:0:0:0:0:0:0:1] - - [2021-09-23:11:04:57 +0300] "GET /nflow/api/v1/workflow-executor HTTP/1.1" 200 181 "http://localhost:7500/nflow/ui/explorer/" "Mozilla/5.0 (Windows NT 10.0; Win64; x64) AppleWebKit/537.36 (KHTML, like Gecko) Chrome/93.0.4577.82 Safari/537.36" 1
[0:0:0:0:0:0:0:1] - - [2021-09-23:11:05:12 +0300] "GET /nflow/api/v1/workflow-executor HTTP/1.1" 200 181 "http://localhost:7500/nflow/ui/explorer/" "Mozilla/5.0 (Windows NT 10.0; Win64; x64) AppleWebKit/537.36 (KHTML, like Gecko) Chrome/93.0.4577.82 Safari/537.36" 2
[0:0:0:0:0:0:0:1] - - [2021-09-23:11:05:27 +0300] "GET /nflow/api/v1/workflow-executor HTTP/1.1" 200 181 "http://localhost:7500/nflow/ui/explorer/" "Mozilla/5.0 (Windows NT 10.0; Win64; x64) AppleWebKit/537.36 (KHTML, like Gecko) Chrome/93.0.4577.82 Safari/537.36" 2
[0:0:0:0:0:0:0:1] - - [2021-09-23:11:05:42 +0300] "GET /nflow/api/v1/workflow-executor HTTP/1.1" 200 181 "http://localhost:7500/nflow/ui/explorer/" "Mozilla/5.0 (Windows NT 10.0; Win64; x64) AppleWebKit/537.36 (KHTML, like Gecko) Chrome/93.0.4577.82 Safari/537.36" 2
[0:0:0:0:0:0:0:1] - - [2021-09-23:11:05:57 +0300] "GET /nflow/api/v1/workflow-executor HTTP/1.1" 200 181 "http://localhost:7500/nflow/ui/explorer/" "Mozilla/5.0 (Windows NT 10.0; Win64; x64) AppleWebKit/537.36 (KHTML, like Gecko) Chrome/93.0.4577.82 Safari/537.36" 1
[0:0:0:0:0:0:0:1] - - [2021-09-23:11:06:12 +0300] "GET /nflow/api/v1/workflow-executor HTTP/1.1" 200 181 "http://localhost:7500/nflow/ui/explorer/" "Mozilla/5.0 (Windows NT 10.0; Win64; x64) AppleWebKit/537.36 (KHTML, like Gecko) Chrome/93.0.4577.82 Safari/537.36" 2
[0:0:0:0:0:0:0:1] - - [2021-09-23:11:06:27 +0300] "GET /nflow/api/v1/workflow-executor HTTP/1.1" 200 181 "http://localhost:7500/nflow/ui/explorer/" "Mozilla/5.0 (Windows NT 10.0; Win64; x64) AppleWebKit/537.36 (KHTML, like Gecko) Chrome/93.0.4577.82 Safari/537.36" 2
[0:0:0:0:0:0:0:1] - - [2021-09-23:11:06:42 +0300] "GET /nflow/api/v1/workflow-executor HTTP/1.1" 200 181 "http://localhost:7500/nflow/ui/explorer/" "Mozilla/5.0 (Windows NT 10.0; Win64; x64) AppleWebKit/537.36 (KHTML, like Gecko) Chrome/93.0.4577.82 Safari/537.36" 2
[0:0:0:0:0:0:0:1] - - [2021-09-23:11:06:57 +0300] "GET /nflow/api/v1/workflow-executor HTTP/1.1" 200 181 "http://localhost:7500/nflow/ui/explorer/" "Mozilla/5.0 (Windows NT 10.0; Win64; x64) AppleWebKit/537.36 (KHTML, like Gecko) Chrome/93.0.4577.82 Safari/537.36" 3
[0:0:0:0:0:0:0:1] - - [2021-09-23:11:07:12 +0300] "GET /nflow/api/v1/workflow-executor HTTP/1.1" 200 181 "http://localhost:7500/nflow/ui/explorer/" "Mozilla/5.0 (Windows NT 10.0; Win64; x64) AppleWebKit/537.36 (KHTML, like Gecko) Chrome/93.0.4577.82 Safari/537.36" 2
[0:0:0:0:0:0:0:1] - - [2021-09-23:11:07:27 +0300] "GET /nflow/api/v1/workflow-executor HTTP/1.1" 200 181 "http://localhost:7500/nflow/ui/explorer/" "Mozilla/5.0 (Windows NT 10.0; Win64; x64) AppleWebKit/537.36 (KHTML, like Gecko) Chrome/93.0.4577.82 Safari/537.36" 1
[0:0:0:0:0:0:0:1] - - [2021-09-23:11:07:42 +0300] "GET /nflow/api/v1/workflow-executor HTTP/1.1" 200 181 "http://localhost:7500/nflow/ui/explorer/" "Mozilla/5.0 (Windows NT 10.0; Win64; x64) AppleWebKit/537.36 (KHTML, like Gecko) Chrome/93.0.4577.82 Safari/537.36" 1
[0:0:0:0:0:0:0:1] - - [2021-09-23:11:08:43 +0300] "GET /nflow/api/v1/workflow-executor HTTP/1.1" 200 181 "http://localhost:7500/nflow/ui/explorer/" "Mozilla/5.0 (Windows NT 10.0; Win64; x64) AppleWebKit/537.36 (KHTML, like Gecko) Chrome/93.0.4577.82 Safari/537.36" 2
[0:0:0:0:0:0:0:1] - - [2021-09-23:11:09:43 +0300] "GET /nflow/api/v1/workflow-executor HTTP/1.1" 200 181 "http://localhost:7500/nflow/ui/explorer/" "Mozilla/5.0 (Windows NT 10.0; Win64; x64) AppleWebKit/537.36 (KHTML, like Gecko) Chrome/93.0.4577.82 Safari/537.36" 2
[0:0:0:0:0:0:0:1] - - [2021-09-23:11:10:43 +0300] "GET /nflow/api/v1/workflow-executor HTTP/1.1" 200 181 "http://localhost:7500/nflow/ui/explorer/" "Mozilla/5.0 (Windows NT 10.0; Win64; x64) AppleWebKit/537.36 (KHTML, like Gecko) Chrome/93.0.4577.82 Safari/537.36" 3
[0:0:0:0:0:0:0:1] - - [2021-09-23:11:11:43 +0300] "GET /nflow/api/v1/workflow-executor HTTP/1.1" 200 181 "http://localhost:7500/nflow/ui/explorer/" "Mozilla/5.0 (Windows NT 10.0; Win64; x64) AppleWebKit/537.36 (KHTML, like Gecko) Chrome/93.0.4577.82 Safari/537.36" 3
[0:0:0:0:0:0:0:1] - - [2021-09-23:11:12:43 +0300] "GET /nflow/api/v1/workflow-executor HTTP/1.1" 200 181 "http://localhost:7500/nflow/ui/explorer/" "Mozilla/5.0 (Windows NT 10.0; Win64; x64) AppleWebKit/537.36 (KHTML, like Gecko) Chrome/93.0.4577.82 Safari/537.36" 2
[0:0:0:0:0:0:0:1] - - [2021-09-23:11:13:43 +0300] "GET /nflow/api/v1/workflow-executor HTTP/1.1" 200 181 "http://localhost:7500/nflow/ui/explorer/" "Mozilla/5.0 (Windows NT 10.0; Win64; x64) AppleWebKit/537.36 (KHTML, like Gecko) Chrome/93.0.4577.82 Safari/537.36" 3
[0:0:0:0:0:0:0:1] - - [2021-09-23:11:14:43 +0300] "GET /nflow/api/v1/workflow-executor HTTP/1.1" 200 181 "http://localhost:7500/nflow/ui/explorer/" "Mozilla/5.0 (Windows NT 10.0; Win64; x64) AppleWebKit/537.36 (KHTML, like Gecko) Chrome/93.0.4577.82 Safari/537.36" 2
[0:0:0:0:0:0:0:1] - - [2021-09-23:11:15:43 +0300] "GET /nflow/api/v1/workflow-executor HTTP/1.1" 200 181 "http://localhost:7500/nflow/ui/explorer/" "Mozilla/5.0 (Windows NT 10.0; Win64; x64) AppleWebKit/537.36 (KHTML, like Gecko) Chrome/93.0.4577.82 Safari/537.36" 3
[0:0:0:0:0:0:0:1] - - [2021-09-23:11:16:38 +0300] "GET /nflow/metrics/metrics?pretty=true HTTP/1.1" 200 8518 "http://localhost:7500/nflow/metrics/" "Mozilla/5.0 (Windows NT 10.0; Win64; x64) AppleWebKit/537.36 (KHTML, like Gecko) Chrome/93.0.4577.82 Safari/537.36" 32
[0:0:0:0:0:0:0:1] - - [2021-09-23:11:16:39 +0300] "GET /nflow/metrics/metrics?pretty=true HTTP/1.1" 200 8519 "http://localhost:7500/nflow/metrics/" "Mozilla/5.0 (Windows NT 10.0; Win64; x64) AppleWebKit/537.36 (KHTML, like Gecko) Chrome/93.0.4577.82 Safari/537.36" 10
[0:0:0:0:0:0:0:1] - - [2021-09-23:11:16:43 +0300] "GET /nflow/api/v1/workflow-executor HTTP/1.1" 200 181 "http://localhost:7500/nflow/ui/explorer/" "Mozilla/5.0 (Windows NT 10.0; Win64; x64) AppleWebKit/537.36 (KHTML, like Gecko) Chrome/93.0.4577.82 Safari/537.36" 214
[0:0:0:0:0:0:0:1] - - [2021-09-23:11:17:43 +0300] "GET /nflow/api/v1/workflow-executor HTTP/1.1" 200 181 "http://localhost:7500/nflow/ui/explorer/" "Mozilla/5.0 (Windows NT 10.0; Win64; x64) AppleWebKit/537.36 (KHTML, like Gecko) Chrome/93.0.4577.82 Safari/537.36" 4
[0:0:0:0:0:0:0:1] - - [2021-09-23:11:18:43 +0300] "GET /nflow/api/v1/workflow-executor HTTP/1.1" 200 181 "http://localhost:7500/nflow/ui/explorer/" "Mozilla/5.0 (Windows NT 10.0; Win64; x64) AppleWebKit/537.36 (KHTML, like Gecko) Chrome/93.0.4577.82 Safari/537.36" 232
[0:0:0:0:0:0:0:1] - - [2021-09-23:11:19:43 +0300] "GET /nflow/api/v1/workflow-executor HTTP/1.1" 200 181 "http://localhost:7500/nflow/ui/explorer/" "Mozilla/5.0 (Windows NT 10.0; Win64; x64) AppleWebKit/537.36 (KHTML, like Gecko) Chrome/93.0.4577.82 Safari/537.36" 230
[0:0:0:0:0:0:0:1] - - [2021-09-23:11:23:27 +0300] "GET /nflow/metrics/metrics?pretty=true HTTP/1.1" 200 8486 "http://localhost:7500/nflow/metrics/" "Mozilla/5.0 (Windows NT 10.0; Win64; x64) AppleWebKit/537.36 (KHTML, like Gecko) Chrome/93.0.4577.82 Safari/537.36" 73
[0:0:0:0:0:0:0:1] - - [2021-09-23:11:23:43 +0300] "GET /nflow/api/v1/workflow-executor HTTP/1.1" 200 181 "http://localhost:7500/nflow/ui/explorer/" "Mozilla/5.0 (Windows NT 10.0; Win64; x64) AppleWebKit/537.36 (KHTML, like Gecko) Chrome/93.0.4577.82 Safari/537.36" 314
[0:0:0:0:0:0:0:1] - - [2021-09-23:11:24:43 +0300] "GET /nflow/api/v1/workflow-executor HTTP/1.1" 200 181 "http://localhost:7500/nflow/ui/explorer/" "Mozilla/5.0 (Windows NT 10.0; Win64; x64) AppleWebKit/537.36 (KHTML, like Gecko) Chrome/93.0.4577.82 Safari/537.36" 8
[0:0:0:0:0:0:0:1] - - [2021-09-23:11:25:43 +0300] "GET /nflow/api/v1/workflow-executor HTTP/1.1" 200 181 "http://localhost:7500/nflow/ui/explorer/" "Mozilla/5.0 (Windows NT 10.0; Win64; x64) AppleWebKit/537.36 (KHTML, like Gecko) Chrome/93.0.4577.82 Safari/537.36" 9
[0:0:0:0:0:0:0:1] - - [2021-09-23:11:26:43 +0300] "GET /nflow/api/v1/workflow-executor HTTP/1.1" 200 181 "http://localhost:7500/nflow/ui/explorer/" "Mozilla/5.0 (Windows NT 10.0; Win64; x64) AppleWebKit/537.36 (KHTML, like Gecko) Chrome/93.0.4577.82 Safari/537.36" 8
[0:0:0:0:0:0:0:1] - - [2021-09-23:11:27:43 +0300] "GET /nflow/api/v1/workflow-executor HTTP/1.1" 200 181 "http://localhost:7500/nflow/ui/explorer/" "Mozilla/5.0 (Windows NT 10.0; Win64; x64) AppleWebKit/537.36 (KHTML, like Gecko) Chrome/93.0.4577.82 Safari/537.36" 9
[0:0:0:0:0:0:0:1] - - [2021-09-23:11:28:43 +0300] "GET /nflow/api/v1/workflow-executor HTTP/1.1" 200 181 "http://localhost:7500/nflow/ui/explorer/" "Mozilla/5.0 (Windows NT 10.0; Win64; x64) AppleWebKit/537.36 (KHTML, like Gecko) Chrome/93.0.4577.82 Safari/537.36" 7
[0:0:0:0:0:0:0:1] - - [2021-09-23:11:29:43 +0300] "GET /nflow/api/v1/workflow-executor HTTP/1.1" 200 181 "http://localhost:7500/nflow/ui/explorer/" "Mozilla/5.0 (Windows NT 10.0; Win64; x64) AppleWebKit/537.36 (KHTML, like Gecko) Chrome/93.0.4577.82 Safari/537.36" 8
[0:0:0:0:0:0:0:1] - - [2021-09-23:11:30:43 +0300] "GET /nflow/api/v1/workflow-executor HTTP/1.1" 200 181 "http://localhost:7500/nflow/ui/explorer/" "Mozilla/5.0 (Windows NT 10.0; Win64; x64) AppleWebKit/537.36 (KHTML, like Gecko) Chrome/93.0.4577.82 Safari/537.36" 6
[0:0:0:0:0:0:0:1] - - [2021-09-23:11:31:43 +0300] "GET /nflow/api/v1/workflow-executor HTTP/1.1" 200 181 "http://localhost:7500/nflow/ui/explorer/" "Mozilla/5.0 (Windows NT 10.0; Win64; x64) AppleWebKit/537.36 (KHTML, like Gecko) Chrome/93.0.4577.82 Safari/537.36" 5
[0:0:0:0:0:0:0:1] - - [2021-09-23:11:32:43 +0300] "GET /nflow/api/v1/workflow-executor HTTP/1.1" 200 181 "http://localhost:7500/nflow/ui/explorer/" "Mozilla/5.0 (Windows NT 10.0; Win64; x64) AppleWebKit/537.36 (KHTML, like Gecko) Chrome/93.0.4577.82 Safari/537.36" 6
[0:0:0:0:0:0:0:1] - - [2021-09-23:11:32:57 +0300] "GET /nflow/api/v1/workflow-executor HTTP/1.1" 200 181 "http://localhost:7500/nflow/ui/explorer/" "Mozilla/5.0 (Windows NT 10.0; Win64; x64) AppleWebKit/537.36 (KHTML, like Gecko) Chrome/93.0.4577.82 Safari/537.36" 4
[0:0:0:0:0:0:0:1] - - [2021-09-23:11:33:12 +0300] "GET /nflow/api/v1/workflow-executor HTTP/1.1" 200 181 "http://localhost:7500/nflow/ui/explorer/" "Mozilla/5.0 (Windows NT 10.0; Win64; x64) AppleWebKit/537.36 (KHTML, like Gecko) Chrome/93.0.4577.82 Safari/537.36" 4
[0:0:0:0:0:0:0:1] - - [2021-09-23:11:33:27 +0300] "GET /nflow/api/v1/workflow-executor HTTP/1.1" 200 181 "http://localhost:7500/nflow/ui/explorer/" "Mozilla/5.0 (Windows NT 10.0; Win64; x64) AppleWebKit/537.36 (KHTML, like Gecko) Chrome/93.0.4577.82 Safari/537.36" 3
[0:0:0:0:0:0:0:1] - - [2021-09-23:11:33:42 +0300] "GET /nflow/api/v1/workflow-executor HTTP/1.1" 200 181 "http://localhost:7500/nflow/ui/explorer/" "Mozilla/5.0 (Windows NT 10.0; Win64; x64) AppleWebKit/537.36 (KHTML, like Gecko) Chrome/93.0.4577.82 Safari/537.36" 4
[0:0:0:0:0:0:0:1] - - [2021-09-23:11:33:57 +0300] "GET /nflow/api/v1/workflow-executor HTTP/1.1" 200 181 "http://localhost:7500/nflow/ui/explorer/" "Mozilla/5.0 (Windows NT 10.0; Win64; x64) AppleWebKit/537.36 (KHTML, like Gecko) Chrome/93.0.4577.82 Safari/537.36" 4
[0:0:0:0:0:0:0:1] - - [2021-09-23:11:34:12 +0300] "GET /nflow/api/v1/workflow-executor HTTP/1.1" 200 181 "http://localhost:7500/nflow/ui/explorer/" "Mozilla/5.0 (Windows NT 10.0; Win64; x64) AppleWebKit/537.36 (KHTML, like Gecko) Chrome/93.0.4577.82 Safari/537.36" 4
[0:0:0:0:0:0:0:1] - - [2021-09-23:11:34:27 +0300] "GET /nflow/api/v1/workflow-executor HTTP/1.1" 200 181 "http://localhost:7500/nflow/ui/explorer/" "Mozilla/5.0 (Windows NT 10.0; Win64; x64) AppleWebKit/537.36 (KHTML, like Gecko) Chrome/93.0.4577.82 Safari/537.36" 4
[0:0:0:0:0:0:0:1] - - [2021-09-23:11:34:42 +0300] "GET /nflow/api/v1/workflow-executor HTTP/1.1" 200 181 "http://localhost:7500/nflow/ui/explorer/" "Mozilla/5.0 (Windows NT 10.0; Win64; x64) AppleWebKit/537.36 (KHTML, like Gecko) Chrome/93.0.4577.82 Safari/537.36" 4
[0:0:0:0:0:0:0:1] - - [2021-09-23:11:34:57 +0300] "GET /nflow/api/v1/workflow-executor HTTP/1.1" 200 181 "http://localhost:7500/nflow/ui/explorer/" "Mozilla/5.0 (Windows NT 10.0; Win64; x64) AppleWebKit/537.36 (KHTML, like Gecko) Chrome/93.0.4577.82 Safari/537.36" 4
[0:0:0:0:0:0:0:1] - - [2021-09-23:11:35:12 +0300] "GET /nflow/api/v1/workflow-executor HTTP/1.1" 200 181 "http://localhost:7500/nflow/ui/explorer/" "Mozilla/5.0 (Windows NT 10.0; Win64; x64) AppleWebKit/537.36 (KHTML, like Gecko) Chrome/93.0.4577.82 Safari/537.36" 3
[0:0:0:0:0:0:0:1] - - [2021-09-23:11:35:27 +0300] "GET /nflow/api/v1/workflow-executor HTTP/1.1" 200 181 "http://localhost:7500/nflow/ui/explorer/" "Mozilla/5.0 (Windows NT 10.0; Win64; x64) AppleWebKit/537.36 (KHTML, like Gecko) Chrome/93.0.4577.82 Safari/537.36" 4
[0:0:0:0:0:0:0:1] - - [2021-09-23:11:35:42 +0300] "GET /nflow/api/v1/workflow-executor HTTP/1.1" 200 181 "http://localhost:7500/nflow/ui/explorer/" "Mozilla/5.0 (Windows NT 10.0; Win64; x64) AppleWebKit/537.36 (KHTML, like Gecko) Chrome/93.0.4577.82 Safari/537.36" 4
[0:0:0:0:0:0:0:1] - - [2021-09-23:11:35:57 +0300] "GET /nflow/api/v1/workflow-executor HTTP/1.1" 200 181 "http://localhost:7500/nflow/ui/explorer/" "Mozilla/5.0 (Windows NT 10.0; Win64; x64) AppleWebKit/537.36 (KHTML, like Gecko) Chrome/93.0.4577.82 Safari/537.36" 3
[0:0:0:0:0:0:0:1] - - [2021-09-23:11:36:12 +0300] "GET /nflow/api/v1/workflow-executor HTTP/1.1" 200 181 "http://localhost:7500/nflow/ui/explorer/" "Mozilla/5.0 (Windows NT 10.0; Win64; x64) AppleWebKit/537.36 (KHTML, like Gecko) Chrome/93.0.4577.82 Safari/537.36" 4
[0:0:0:0:0:0:0:1] - - [2021-09-23:11:36:27 +0300] "GET /nflow/api/v1/workflow-executor HTTP/1.1" 200 181 "http://localhost:7500/nflow/ui/explorer/" "Mozilla/5.0 (Windows NT 10.0; Win64; x64) AppleWebKit/537.36 (KHTML, like Gecko) Chrome/93.0.4577.82 Safari/537.36" 4
[0:0:0:0:0:0:0:1] - - [2021-09-23:11:36:42 +0300] "GET /nflow/api/v1/workflow-executor HTTP/1.1" 200 181 "http://localhost:7500/nflow/ui/explorer/" "Mozilla/5.0 (Windows NT 10.0; Win64; x64) AppleWebKit/537.36 (KHTML, like Gecko) Chrome/93.0.4577.82 Safari/537.36" 6
[0:0:0:0:0:0:0:1] - - [2021-09-23:11:36:57 +0300] "GET /nflow/api/v1/workflow-executor HTTP/1.1" 200 181 "http://localhost:7500/nflow/ui/explorer/" "Mozilla/5.0 (Windows NT 10.0; Win64; x64) AppleWebKit/537.36 (KHTML, like Gecko) Chrome/93.0.4577.82 Safari/537.36" 4
[0:0:0:0:0:0:0:1] - - [2021-09-23:11:37:12 +0300] "GET /nflow/api/v1/workflow-executor HTTP/1.1" 200 181 "http://localhost:7500/nflow/ui/explorer/" "Mozilla/5.0 (Windows NT 10.0; Win64; x64) AppleWebKit/537.36 (KHTML, like Gecko) Chrome/93.0.4577.82 Safari/537.36" 3
[0:0:0:0:0:0:0:1] - - [2021-09-23:11:37:27 +0300] "GET /nflow/api/v1/workflow-executor HTTP/1.1" 200 181 "http://localhost:7500/nflow/ui/explorer/" "Mozilla/5.0 (Windows NT 10.0; Win64; x64) AppleWebKit/537.36 (KHTML, like Gecko) Chrome/93.0.4577.82 Safari/537.36" 3
[0:0:0:0:0:0:0:1] - - [2021-09-23:11:37:42 +0300] "GET /nflow/api/v1/workflow-executor HTTP/1.1" 200 181 "http://localhost:7500/nflow/ui/explorer/" "Mozilla/5.0 (Windows NT 10.0; Win64; x64) AppleWebKit/537.36 (KHTML, like Gecko) Chrome/93.0.4577.82 Safari/537.36" 4
[0:0:0:0:0:0:0:1] - - [2021-09-23:11:38:43 +0300] "GET /nflow/api/v1/workflow-executor HTTP/1.1" 200 181 "http://localhost:7500/nflow/ui/explorer/" "Mozilla/5.0 (Windows NT 10.0; Win64; x64) AppleWebKit/537.36 (KHTML, like Gecko) Chrome/93.0.4577.82 Safari/537.36" 5
[0:0:0:0:0:0:0:1] - - [2021-09-23:11:39:43 +0300] "GET /nflow/api/v1/workflow-executor HTTP/1.1" 200 181 "http://localhost:7500/nflow/ui/explorer/" "Mozilla/5.0 (Windows NT 10.0; Win64; x64) AppleWebKit/537.36 (KHTML, like Gecko) Chrome/93.0.4577.82 Safari/537.36" 6
[0:0:0:0:0:0:0:1] - - [2021-09-23:11:40:43 +0300] "GET /nflow/api/v1/workflow-executor HTTP/1.1" 200 181 "http://localhost:7500/nflow/ui/explorer/" "Mozilla/5.0 (Windows NT 10.0; Win64; x64) AppleWebKit/537.36 (KHTML, like Gecko) Chrome/93.0.4577.82 Safari/537.36" 5
[0:0:0:0:0:0:0:1] - - [2021-09-23:11:41:43 +0300] "GET /nflow/api/v1/workflow-executor HTTP/1.1" 200 181 "http://localhost:7500/nflow/ui/explorer/" "Mozilla/5.0 (Windows NT 10.0; Win64; x64) AppleWebKit/537.36 (KHTML, like Gecko) Chrome/93.0.4577.82 Safari/537.36" 3
[0:0:0:0:0:0:0:1] - - [2021-09-23:11:42:43 +0300] "GET /nflow/api/v1/workflow-executor HTTP/1.1" 200 181 "http://localhost:7500/nflow/ui/explorer/" "Mozilla/5.0 (Windows NT 10.0; Win64; x64) AppleWebKit/537.36 (KHTML, like Gecko) Chrome/93.0.4577.82 Safari/537.36" 5
[0:0:0:0:0:0:0:1] - - [2021-09-23:11:43:43 +0300] "GET /nflow/api/v1/workflow-executor HTTP/1.1" 200 181 "http://localhost:7500/nflow/ui/explorer/" "Mozilla/5.0 (Windows NT 10.0; Win64; x64) AppleWebKit/537.36 (KHTML, like Gecko) Chrome/93.0.4577.82 Safari/537.36" 3
[0:0:0:0:0:0:0:1] - - [2021-09-23:11:44:43 +0300] "GET /nflow/api/v1/workflow-executor HTTP/1.1" 200 181 "http://localhost:7500/nflow/ui/explorer/" "Mozilla/5.0 (Windows NT 10.0; Win64; x64) AppleWebKit/537.36 (KHTML, like Gecko) Chrome/93.0.4577.82 Safari/537.36" 5
[0:0:0:0:0:0:0:1] - - [2021-09-23:11:45:43 +0300] "GET /nflow/api/v1/workflow-executor HTTP/1.1" 200 181 "http://localhost:7500/nflow/ui/explorer/" "Mozilla/5.0 (Windows NT 10.0; Win64; x64) AppleWebKit/537.36 (KHTML, like Gecko) Chrome/93.0.4577.82 Safari/537.36" 5
[0:0:0:0:0:0:0:1] - - [2021-09-23:11:46:43 +0300] "GET /nflow/api/v1/workflow-executor HTTP/1.1" 200 181 "http://localhost:7500/nflow/ui/explorer/" "Mozilla/5.0 (Windows NT 10.0; Win64; x64) AppleWebKit/537.36 (KHTML, like Gecko) Chrome/93.0.4577.82 Safari/537.36" 5
[0:0:0:0:0:0:0:1] - - [2021-09-23:11:47:43 +0300] "GET /nflow/api/v1/workflow-executor HTTP/1.1" 200 181 "http://localhost:7500/nflow/ui/explorer/" "Mozilla/5.0 (Windows NT 10.0; Win64; x64) AppleWebKit/537.36 (KHTML, like Gecko) Chrome/93.0.4577.82 Safari/537.36" 5
