2016-11-04 11:00:09,626 [main] INFO  c.g.t.t.d.PublishedGradleVersions - Gradle version information cache file is out-of-date. Remote download required.
2016-11-23 14:10:45,122 [Worker-9] INFO  o.e.m.c.i.e.AbstractTransferListenerAdapter - Downloaded http://artifactory.kaazing.wan/artifactory/archiva-internal/org/apache/maven/plugins/maven-compiler-plugin/3.5.1/maven-compiler-plugin-3.5.1.jar
2016-11-23 14:10:45,200 [Worker-9] INFO  o.e.m.c.i.e.AbstractTransferListenerAdapter - Downloaded http://artifactory.kaazing.wan/artifactory/archiva-internal/org/apache/maven/plugins/maven-site-plugin/3.3/maven-site-plugin-3.3.jar
2016-11-23 14:10:45,247 [Worker-9] INFO  o.e.m.c.i.l.LifecycleMappingFactory - Using org.eclipse.m2e.jdt.JarLifecycleMapping lifecycle mapping for MavenProject: CookieLoginModule:CookieLoginModule:0.0.1-SNAPSHOT @ C:\Users\azaharia\Downloads\CookieLoginModule\CookieLoginModule\pom.xml.
2016-11-23 14:10:47,104 [Worker-1] INFO  o.e.m.c.i.l.LifecycleMappingFactory - Using org.eclipse.m2e.jdt.JarLifecycleMapping lifecycle mapping for MavenProject: CookieLoginModule:CookieLoginModule:0.0.1-SNAPSHOT @ C:\Users\azaharia\Downloads\CookieLoginModule\CookieLoginModule\pom.xml.
2016-11-23 14:10:47,119 [Worker-9] WARN  o.e.m.c.i.embedder.EclipseLogger - Using platform encoding (Cp1252 actually) to copy filtered resources, i.e. build is platform dependent!
2016-11-23 14:10:47,135 [Worker-9] INFO  o.e.m.c.i.embedder.EclipseLogger - skip non existing resourceDirectory C:\Users\azaharia\Downloads\CookieLoginModule\CookieLoginModule\src\main\resources
2016-11-23 14:10:47,135 [Worker-9] WARN  o.e.m.c.i.embedder.EclipseLogger - Using platform encoding (Cp1252 actually) to copy filtered resources, i.e. build is platform dependent!
2016-11-23 14:10:47,135 [Worker-9] INFO  o.e.m.c.i.embedder.EclipseLogger - skip non existing resourceDirectory C:\Users\azaharia\Downloads\CookieLoginModule\CookieLoginModule\src\test\resources
2016-11-23 14:10:48,172 [Worker-1] WARN  o.e.m.c.i.embedder.EclipseLogger - Using platform encoding (Cp1252 actually) to copy filtered resources, i.e. build is platform dependent!
2016-11-23 14:10:48,172 [Worker-1] INFO  o.e.m.c.i.embedder.EclipseLogger - skip non existing resourceDirectory C:\Users\azaharia\Downloads\CookieLoginModule\CookieLoginModule\src\main\resources
2016-11-23 14:10:48,172 [Worker-1] WARN  o.e.m.c.i.embedder.EclipseLogger - Using platform encoding (Cp1252 actually) to copy filtered resources, i.e. build is platform dependent!
2016-11-23 14:10:48,188 [Worker-1] INFO  o.e.m.c.i.embedder.EclipseLogger - skip non existing resourceDirectory C:\Users\azaharia\Downloads\CookieLoginModule\CookieLoginModule\src\test\resources
2016-11-23 14:20:15,285 [Worker-3] ERROR o.e.m.e.x.i.MarkerLocationService - Error checking for warnings
java.lang.NullPointerException: null
	at org.eclipse.m2e.editor.xml.internal.MarkerLocationService.checkVarious(MarkerLocationService.java:577) [org.eclipse.m2e.editor.xml_1.6.2.20150902-0002.jar:na]
	at org.eclipse.m2e.editor.xml.internal.MarkerLocationService.addEditorHintMarkers(MarkerLocationService.java:241) [org.eclipse.m2e.editor.xml_1.6.2.20150902-0002.jar:na]
	at org.eclipse.m2e.core.internal.markers.MarkerUtils.addEditorHintMarkers(MarkerUtils.java:66) [org.eclipse.m2e.core_1.6.2.20150902-0002.jar:na]
	at org.eclipse.m2e.core.internal.project.registry.ProjectRegistryManager$4.call(ProjectRegistryManager.java:708) [org.eclipse.m2e.core_1.6.2.20150902-0002.jar:na]
	at org.eclipse.m2e.core.internal.project.registry.ProjectRegistryManager$4.call(ProjectRegistryManager.java:1) [org.eclipse.m2e.core_1.6.2.20150902-0002.jar:na]
	at org.eclipse.m2e.core.internal.embedder.MavenExecutionContext.executeBare(MavenExecutionContext.java:176) [org.eclipse.m2e.core_1.6.2.20150902-0002.jar:na]
	at org.eclipse.m2e.core.internal.embedder.MavenExecutionContext.execute(MavenExecutionContext.java:151) [org.eclipse.m2e.core_1.6.2.20150902-0002.jar:na]
	at org.eclipse.m2e.core.internal.embedder.MavenExecutionContext.execute(MavenExecutionContext.java:99) [org.eclipse.m2e.core_1.6.2.20150902-0002.jar:na]
	at org.eclipse.m2e.core.internal.project.registry.ProjectRegistryManager.execute(ProjectRegistryManager.java:956) [org.eclipse.m2e.core_1.6.2.20150902-0002.jar:na]
	at org.eclipse.m2e.core.internal.project.registry.ProjectRegistryManager.readMavenProjectFacade(ProjectRegistryManager.java:699) [org.eclipse.m2e.core_1.6.2.20150902-0002.jar:na]
	at org.eclipse.m2e.core.internal.project.registry.ProjectRegistryManager.refresh(ProjectRegistryManager.java:397) [org.eclipse.m2e.core_1.6.2.20150902-0002.jar:na]
	at org.eclipse.m2e.core.internal.project.registry.ProjectRegistryManager.refresh(ProjectRegistryManager.java:350) [org.eclipse.m2e.core_1.6.2.20150902-0002.jar:na]
	at org.eclipse.m2e.core.internal.project.registry.ProjectRegistryManager.refresh(ProjectRegistryManager.java:297) [org.eclipse.m2e.core_1.6.2.20150902-0002.jar:na]
	at org.eclipse.m2e.core.internal.builder.MavenBuilder$BuildMethod.getProjectFacade(MavenBuilder.java:154) [org.eclipse.m2e.core_1.6.2.20150902-0002.jar:na]
	at org.eclipse.m2e.core.internal.builder.MavenBuilder$BuildMethod$1.call(MavenBuilder.java:89) [org.eclipse.m2e.core_1.6.2.20150902-0002.jar:na]
	at org.eclipse.m2e.core.internal.embedder.MavenExecutionContext.executeBare(MavenExecutionContext.java:176) [org.eclipse.m2e.core_1.6.2.20150902-0002.jar:na]
	at org.eclipse.m2e.core.internal.embedder.MavenExecutionContext.execute(MavenExecutionContext.java:151) [org.eclipse.m2e.core_1.6.2.20150902-0002.jar:na]
	at org.eclipse.m2e.core.internal.embedder.MavenExecutionContext.execute(MavenExecutionContext.java:99) [org.eclipse.m2e.core_1.6.2.20150902-0002.jar:na]
	at org.eclipse.m2e.core.internal.builder.MavenBuilder$BuildMethod.execute(MavenBuilder.java:86) [org.eclipse.m2e.core_1.6.2.20150902-0002.jar:na]
	at org.eclipse.m2e.core.internal.builder.MavenBuilder.build(MavenBuilder.java:200) [org.eclipse.m2e.core_1.6.2.20150902-0002.jar:na]
	at org.eclipse.core.internal.events.BuildManager$2.run(BuildManager.java:734) [org.eclipse.core.resources_3.10.1.v20150725-1910.jar:na]
	at org.eclipse.core.runtime.SafeRunner.run(SafeRunner.java:42) [org.eclipse.equinox.common_3.7.0.v20150402-1709.jar:na]
	at org.eclipse.core.internal.events.BuildManager.basicBuild(BuildManager.java:205) [org.eclipse.core.resources_3.10.1.v20150725-1910.jar:na]
	at org.eclipse.core.internal.events.BuildManager.basicBuild(BuildManager.java:245) [org.eclipse.core.resources_3.10.1.v20150725-1910.jar:na]
	at org.eclipse.core.internal.events.BuildManager$1.run(BuildManager.java:300) [org.eclipse.core.resources_3.10.1.v20150725-1910.jar:na]
	at org.eclipse.core.runtime.SafeRunner.run(SafeRunner.java:42) [org.eclipse.equinox.common_3.7.0.v20150402-1709.jar:na]
	at org.eclipse.core.internal.events.BuildManager.basicBuild(BuildManager.java:303) [org.eclipse.core.resources_3.10.1.v20150725-1910.jar:na]
	at org.eclipse.core.internal.events.BuildManager.basicBuildLoop(BuildManager.java:359) [org.eclipse.core.resources_3.10.1.v20150725-1910.jar:na]
	at org.eclipse.core.internal.events.BuildManager.build(BuildManager.java:382) [org.eclipse.core.resources_3.10.1.v20150725-1910.jar:na]
	at org.eclipse.core.internal.events.AutoBuildJob.doBuild(AutoBuildJob.java:144) [org.eclipse.core.resources_3.10.1.v20150725-1910.jar:na]
	at org.eclipse.core.internal.events.AutoBuildJob.run(AutoBuildJob.java:235) [org.eclipse.core.resources_3.10.1.v20150725-1910.jar:na]
	at org.eclipse.core.internal.jobs.Worker.run(Worker.java:55) [org.eclipse.core.jobs_3.7.0.v20150330-2103.jar:na]
2016-11-23 14:20:16,080 [Worker-3] INFO  o.e.m.c.i.l.LifecycleMappingFactory - Using org.eclipse.m2e.jdt.JarLifecycleMapping lifecycle mapping for MavenProject: CookieLoginModule:CookieLoginModule:0.0.1-SNAPSHOT @ C:\Users\azaharia\Downloads\CookieLoginModule\CookieLoginModule\pom.xml.
2016-11-23 14:20:16,108 [Worker-3] ERROR o.e.m.e.x.i.MarkerLocationService - null
org.eclipse.jface.text.BadLocationException: null
	at org.eclipse.jface.text.ListLineTracker.getLineOffset(ListLineTracker.java:201) ~[na:na]
	at org.eclipse.jface.text.AbstractLineTracker.getLineOffset(AbstractLineTracker.java:169) ~[na:na]
	at org.eclipse.wst.sse.core.internal.text.BasicStructuredDocument.getLineOffset(BasicStructuredDocument.java:1495) ~[na:na]
	at org.eclipse.m2e.editor.xml.internal.MarkerLocationService.findLocationForMarker(MarkerLocationService.java:106) ~[na:na]
	at org.eclipse.m2e.core.internal.markers.MarkerUtils.decorateMarker(MarkerUtils.java:48) [org.eclipse.m2e.core_1.6.2.20150902-0002.jar:na]
	at org.eclipse.m2e.core.internal.markers.MavenMarkerManager.addErrorMarker(MavenMarkerManager.java:308) [org.eclipse.m2e.core_1.6.2.20150902-0002.jar:na]
	at org.eclipse.m2e.core.internal.markers.MavenMarkerManager.addErrorMarkers(MavenMarkerManager.java:295) [org.eclipse.m2e.core_1.6.2.20150902-0002.jar:na]
	at org.eclipse.m2e.core.internal.project.registry.ProjectRegistryManager.setupLifecycleMapping(ProjectRegistryManager.java:611) [org.eclipse.m2e.core_1.6.2.20150902-0002.jar:na]
	at org.eclipse.m2e.core.internal.project.registry.ProjectRegistryManager.refreshPhase2(ProjectRegistryManager.java:512) [org.eclipse.m2e.core_1.6.2.20150902-0002.jar:na]
	at org.eclipse.m2e.core.internal.project.registry.ProjectRegistryManager$3.call(ProjectRegistryManager.java:491) [org.eclipse.m2e.core_1.6.2.20150902-0002.jar:na]
	at org.eclipse.m2e.core.internal.project.registry.ProjectRegistryManager$3.call(ProjectRegistryManager.java:1) [org.eclipse.m2e.core_1.6.2.20150902-0002.jar:na]
	at org.eclipse.m2e.core.internal.embedder.MavenExecutionContext.executeBare(MavenExecutionContext.java:176) [org.eclipse.m2e.core_1.6.2.20150902-0002.jar:na]
	at org.eclipse.m2e.core.internal.embedder.MavenExecutionContext.execute(MavenExecutionContext.java:151) [org.eclipse.m2e.core_1.6.2.20150902-0002.jar:na]
	at org.eclipse.m2e.core.internal.project.registry.ProjectRegistryManager.refresh(ProjectRegistryManager.java:495) [org.eclipse.m2e.core_1.6.2.20150902-0002.jar:na]
	at org.eclipse.m2e.core.internal.project.registry.ProjectRegistryManager.refresh(ProjectRegistryManager.java:350) [org.eclipse.m2e.core_1.6.2.20150902-0002.jar:na]
	at org.eclipse.m2e.core.internal.project.registry.ProjectRegistryManager.refresh(ProjectRegistryManager.java:297) [org.eclipse.m2e.core_1.6.2.20150902-0002.jar:na]
	at org.eclipse.m2e.core.internal.builder.MavenBuilder$BuildMethod.getProjectFacade(MavenBuilder.java:154) [org.eclipse.m2e.core_1.6.2.20150902-0002.jar:na]
	at org.eclipse.m2e.core.internal.builder.MavenBuilder$BuildMethod$1.call(MavenBuilder.java:89) [org.eclipse.m2e.core_1.6.2.20150902-0002.jar:na]
	at org.eclipse.m2e.core.internal.embedder.MavenExecutionContext.executeBare(MavenExecutionContext.java:176) [org.eclipse.m2e.core_1.6.2.20150902-0002.jar:na]
	at org.eclipse.m2e.core.internal.embedder.MavenExecutionContext.execute(MavenExecutionContext.java:151) [org.eclipse.m2e.core_1.6.2.20150902-0002.jar:na]
	at org.eclipse.m2e.core.internal.embedder.MavenExecutionContext.execute(MavenExecutionContext.java:99) [org.eclipse.m2e.core_1.6.2.20150902-0002.jar:na]
	at org.eclipse.m2e.core.internal.builder.MavenBuilder$BuildMethod.execute(MavenBuilder.java:86) [org.eclipse.m2e.core_1.6.2.20150902-0002.jar:na]
	at org.eclipse.m2e.core.internal.builder.MavenBuilder.build(MavenBuilder.java:200) [org.eclipse.m2e.core_1.6.2.20150902-0002.jar:na]
	at org.eclipse.core.internal.events.BuildManager$2.run(BuildManager.java:734) [org.eclipse.core.resources_3.10.1.v20150725-1910.jar:na]
	at org.eclipse.core.runtime.SafeRunner.run(SafeRunner.java:42) [org.eclipse.equinox.common_3.7.0.v20150402-1709.jar:na]
	at org.eclipse.core.internal.events.BuildManager.basicBuild(BuildManager.java:205) [org.eclipse.core.resources_3.10.1.v20150725-1910.jar:na]
	at org.eclipse.core.internal.events.BuildManager.basicBuild(BuildManager.java:245) [org.eclipse.core.resources_3.10.1.v20150725-1910.jar:na]
	at org.eclipse.core.internal.events.BuildManager$1.run(BuildManager.java:300) [org.eclipse.core.resources_3.10.1.v20150725-1910.jar:na]
	at org.eclipse.core.runtime.SafeRunner.run(SafeRunner.java:42) [org.eclipse.equinox.common_3.7.0.v20150402-1709.jar:na]
	at org.eclipse.core.internal.events.BuildManager.basicBuild(BuildManager.java:303) [org.eclipse.core.resources_3.10.1.v20150725-1910.jar:na]
	at org.eclipse.core.internal.events.BuildManager.basicBuildLoop(BuildManager.java:359) [org.eclipse.core.resources_3.10.1.v20150725-1910.jar:na]
	at org.eclipse.core.internal.events.BuildManager.build(BuildManager.java:382) [org.eclipse.core.resources_3.10.1.v20150725-1910.jar:na]
	at org.eclipse.core.internal.events.AutoBuildJob.doBuild(AutoBuildJob.java:144) [org.eclipse.core.resources_3.10.1.v20150725-1910.jar:na]
	at org.eclipse.core.internal.events.AutoBuildJob.run(AutoBuildJob.java:235) [org.eclipse.core.resources_3.10.1.v20150725-1910.jar:na]
	at org.eclipse.core.internal.jobs.Worker.run(Worker.java:55) [org.eclipse.core.jobs_3.7.0.v20150330-2103.jar:na]
2016-11-23 14:20:16,116 [Worker-3] ERROR o.e.m.e.x.i.MarkerLocationService - null
org.eclipse.jface.text.BadLocationException: null
	at org.eclipse.jface.text.ListLineTracker.getLineOffset(ListLineTracker.java:201) ~[na:na]
	at org.eclipse.jface.text.AbstractLineTracker.getLineOffset(AbstractLineTracker.java:169) ~[na:na]
	at org.eclipse.wst.sse.core.internal.text.BasicStructuredDocument.getLineOffset(BasicStructuredDocument.java:1495) ~[na:na]
	at org.eclipse.m2e.editor.xml.internal.MarkerLocationService.findLocationForMarker(MarkerLocationService.java:106) ~[na:na]
	at org.eclipse.m2e.core.internal.markers.MarkerUtils.decorateMarker(MarkerUtils.java:48) [org.eclipse.m2e.core_1.6.2.20150902-0002.jar:na]
	at org.eclipse.m2e.core.internal.markers.MavenMarkerManager.addErrorMarker(MavenMarkerManager.java:308) [org.eclipse.m2e.core_1.6.2.20150902-0002.jar:na]
	at org.eclipse.m2e.core.internal.markers.MavenMarkerManager.addErrorMarkers(MavenMarkerManager.java:295) [org.eclipse.m2e.core_1.6.2.20150902-0002.jar:na]
	at org.eclipse.m2e.core.internal.project.registry.ProjectRegistryManager.setupLifecycleMapping(ProjectRegistryManager.java:611) [org.eclipse.m2e.core_1.6.2.20150902-0002.jar:na]
	at org.eclipse.m2e.core.internal.project.registry.ProjectRegistryManager.refreshPhase2(ProjectRegistryManager.java:512) [org.eclipse.m2e.core_1.6.2.20150902-0002.jar:na]
	at org.eclipse.m2e.core.internal.project.registry.ProjectRegistryManager$3.call(ProjectRegistryManager.java:491) [org.eclipse.m2e.core_1.6.2.20150902-0002.jar:na]
	at org.eclipse.m2e.core.internal.project.registry.ProjectRegistryManager$3.call(ProjectRegistryManager.java:1) [org.eclipse.m2e.core_1.6.2.20150902-0002.jar:na]
	at org.eclipse.m2e.core.internal.embedder.MavenExecutionContext.executeBare(MavenExecutionContext.java:176) [org.eclipse.m2e.core_1.6.2.20150902-0002.jar:na]
	at org.eclipse.m2e.core.internal.embedder.MavenExecutionContext.execute(MavenExecutionContext.java:151) [org.eclipse.m2e.core_1.6.2.20150902-0002.jar:na]
	at org.eclipse.m2e.core.internal.project.registry.ProjectRegistryManager.refresh(ProjectRegistryManager.java:495) [org.eclipse.m2e.core_1.6.2.20150902-0002.jar:na]
	at org.eclipse.m2e.core.internal.project.registry.ProjectRegistryManager.refresh(ProjectRegistryManager.java:350) [org.eclipse.m2e.core_1.6.2.20150902-0002.jar:na]
	at org.eclipse.m2e.core.internal.project.registry.ProjectRegistryManager.refresh(ProjectRegistryManager.java:297) [org.eclipse.m2e.core_1.6.2.20150902-0002.jar:na]
	at org.eclipse.m2e.core.internal.builder.MavenBuilder$BuildMethod.getProjectFacade(MavenBuilder.java:154) [org.eclipse.m2e.core_1.6.2.20150902-0002.jar:na]
	at org.eclipse.m2e.core.internal.builder.MavenBuilder$BuildMethod$1.call(MavenBuilder.java:89) [org.eclipse.m2e.core_1.6.2.20150902-0002.jar:na]
	at org.eclipse.m2e.core.internal.embedder.MavenExecutionContext.executeBare(MavenExecutionContext.java:176) [org.eclipse.m2e.core_1.6.2.20150902-0002.jar:na]
	at org.eclipse.m2e.core.internal.embedder.MavenExecutionContext.execute(MavenExecutionContext.java:151) [org.eclipse.m2e.core_1.6.2.20150902-0002.jar:na]
	at org.eclipse.m2e.core.internal.embedder.MavenExecutionContext.execute(MavenExecutionContext.java:99) [org.eclipse.m2e.core_1.6.2.20150902-0002.jar:na]
	at org.eclipse.m2e.core.internal.builder.MavenBuilder$BuildMethod.execute(MavenBuilder.java:86) [org.eclipse.m2e.core_1.6.2.20150902-0002.jar:na]
	at org.eclipse.m2e.core.internal.builder.MavenBuilder.build(MavenBuilder.java:200) [org.eclipse.m2e.core_1.6.2.20150902-0002.jar:na]
	at org.eclipse.core.internal.events.BuildManager$2.run(BuildManager.java:734) [org.eclipse.core.resources_3.10.1.v20150725-1910.jar:na]
	at org.eclipse.core.runtime.SafeRunner.run(SafeRunner.java:42) [org.eclipse.equinox.common_3.7.0.v20150402-1709.jar:na]
	at org.eclipse.core.internal.events.BuildManager.basicBuild(BuildManager.java:205) [org.eclipse.core.resources_3.10.1.v20150725-1910.jar:na]
	at org.eclipse.core.internal.events.BuildManager.basicBuild(BuildManager.java:245) [org.eclipse.core.resources_3.10.1.v20150725-1910.jar:na]
	at org.eclipse.core.internal.events.BuildManager$1.run(BuildManager.java:300) [org.eclipse.core.resources_3.10.1.v20150725-1910.jar:na]
	at org.eclipse.core.runtime.SafeRunner.run(SafeRunner.java:42) [org.eclipse.equinox.common_3.7.0.v20150402-1709.jar:na]
	at org.eclipse.core.internal.events.BuildManager.basicBuild(BuildManager.java:303) [org.eclipse.core.resources_3.10.1.v20150725-1910.jar:na]
	at org.eclipse.core.internal.events.BuildManager.basicBuildLoop(BuildManager.java:359) [org.eclipse.core.resources_3.10.1.v20150725-1910.jar:na]
	at org.eclipse.core.internal.events.BuildManager.build(BuildManager.java:382) [org.eclipse.core.resources_3.10.1.v20150725-1910.jar:na]
	at org.eclipse.core.internal.events.AutoBuildJob.doBuild(AutoBuildJob.java:144) [org.eclipse.core.resources_3.10.1.v20150725-1910.jar:na]
	at org.eclipse.core.internal.events.AutoBuildJob.run(AutoBuildJob.java:235) [org.eclipse.core.resources_3.10.1.v20150725-1910.jar:na]
	at org.eclipse.core.internal.jobs.Worker.run(Worker.java:55) [org.eclipse.core.jobs_3.7.0.v20150330-2103.jar:na]
2016-11-23 14:20:16,148 [Worker-3] ERROR o.e.m.e.x.i.MarkerLocationService - null
org.eclipse.jface.text.BadLocationException: null
	at org.eclipse.jface.text.ListLineTracker.getLineOffset(ListLineTracker.java:201) ~[na:na]
	at org.eclipse.jface.text.AbstractLineTracker.getLineOffset(AbstractLineTracker.java:169) ~[na:na]
	at org.eclipse.wst.sse.core.internal.text.BasicStructuredDocument.getLineOffset(BasicStructuredDocument.java:1495) ~[na:na]
	at org.eclipse.m2e.editor.xml.internal.MarkerLocationService.findLocationForMarker(MarkerLocationService.java:106) ~[na:na]
	at org.eclipse.m2e.core.internal.markers.MarkerUtils.decorateMarker(MarkerUtils.java:48) [org.eclipse.m2e.core_1.6.2.20150902-0002.jar:na]
	at org.eclipse.m2e.core.internal.markers.MavenMarkerManager.addErrorMarker(MavenMarkerManager.java:308) [org.eclipse.m2e.core_1.6.2.20150902-0002.jar:na]
	at org.eclipse.m2e.core.internal.markers.MavenMarkerManager.addErrorMarkers(MavenMarkerManager.java:295) [org.eclipse.m2e.core_1.6.2.20150902-0002.jar:na]
	at org.eclipse.m2e.core.internal.project.registry.ProjectRegistryManager.setupLifecycleMapping(ProjectRegistryManager.java:611) [org.eclipse.m2e.core_1.6.2.20150902-0002.jar:na]
	at org.eclipse.m2e.core.internal.project.registry.ProjectRegistryManager.refreshPhase2(ProjectRegistryManager.java:512) [org.eclipse.m2e.core_1.6.2.20150902-0002.jar:na]
	at org.eclipse.m2e.core.internal.project.registry.ProjectRegistryManager$3.call(ProjectRegistryManager.java:491) [org.eclipse.m2e.core_1.6.2.20150902-0002.jar:na]
	at org.eclipse.m2e.core.internal.project.registry.ProjectRegistryManager$3.call(ProjectRegistryManager.java:1) [org.eclipse.m2e.core_1.6.2.20150902-0002.jar:na]
	at org.eclipse.m2e.core.internal.embedder.MavenExecutionContext.executeBare(MavenExecutionContext.java:176) [org.eclipse.m2e.core_1.6.2.20150902-0002.jar:na]
	at org.eclipse.m2e.core.internal.embedder.MavenExecutionContext.execute(MavenExecutionContext.java:151) [org.eclipse.m2e.core_1.6.2.20150902-0002.jar:na]
	at org.eclipse.m2e.core.internal.project.registry.ProjectRegistryManager.refresh(ProjectRegistryManager.java:495) [org.eclipse.m2e.core_1.6.2.20150902-0002.jar:na]
	at org.eclipse.m2e.core.internal.project.registry.ProjectRegistryManager.refresh(ProjectRegistryManager.java:350) [org.eclipse.m2e.core_1.6.2.20150902-0002.jar:na]
	at org.eclipse.m2e.core.internal.project.registry.ProjectRegistryManager.refresh(ProjectRegistryManager.java:297) [org.eclipse.m2e.core_1.6.2.20150902-0002.jar:na]
	at org.eclipse.m2e.core.internal.builder.MavenBuilder$BuildMethod.getProjectFacade(MavenBuilder.java:154) [org.eclipse.m2e.core_1.6.2.20150902-0002.jar:na]
	at org.eclipse.m2e.core.internal.builder.MavenBuilder$BuildMethod$1.call(MavenBuilder.java:89) [org.eclipse.m2e.core_1.6.2.20150902-0002.jar:na]
	at org.eclipse.m2e.core.internal.embedder.MavenExecutionContext.executeBare(MavenExecutionContext.java:176) [org.eclipse.m2e.core_1.6.2.20150902-0002.jar:na]
	at org.eclipse.m2e.core.internal.embedder.MavenExecutionContext.execute(MavenExecutionContext.java:151) [org.eclipse.m2e.core_1.6.2.20150902-0002.jar:na]
	at org.eclipse.m2e.core.internal.embedder.MavenExecutionContext.execute(MavenExecutionContext.java:99) [org.eclipse.m2e.core_1.6.2.20150902-0002.jar:na]
	at org.eclipse.m2e.core.internal.builder.MavenBuilder$BuildMethod.execute(MavenBuilder.java:86) [org.eclipse.m2e.core_1.6.2.20150902-0002.jar:na]
	at org.eclipse.m2e.core.internal.builder.MavenBuilder.build(MavenBuilder.java:200) [org.eclipse.m2e.core_1.6.2.20150902-0002.jar:na]
	at org.eclipse.core.internal.events.BuildManager$2.run(BuildManager.java:734) [org.eclipse.core.resources_3.10.1.v20150725-1910.jar:na]
	at org.eclipse.core.runtime.SafeRunner.run(SafeRunner.java:42) [org.eclipse.equinox.common_3.7.0.v20150402-1709.jar:na]
	at org.eclipse.core.internal.events.BuildManager.basicBuild(BuildManager.java:205) [org.eclipse.core.resources_3.10.1.v20150725-1910.jar:na]
	at org.eclipse.core.internal.events.BuildManager.basicBuild(BuildManager.java:245) [org.eclipse.core.resources_3.10.1.v20150725-1910.jar:na]
	at org.eclipse.core.internal.events.BuildManager$1.run(BuildManager.java:300) [org.eclipse.core.resources_3.10.1.v20150725-1910.jar:na]
	at org.eclipse.core.runtime.SafeRunner.run(SafeRunner.java:42) [org.eclipse.equinox.common_3.7.0.v20150402-1709.jar:na]
	at org.eclipse.core.internal.events.BuildManager.basicBuild(BuildManager.java:303) [org.eclipse.core.resources_3.10.1.v20150725-1910.jar:na]
	at org.eclipse.core.internal.events.BuildManager.basicBuildLoop(BuildManager.java:359) [org.eclipse.core.resources_3.10.1.v20150725-1910.jar:na]
	at org.eclipse.core.internal.events.BuildManager.build(BuildManager.java:382) [org.eclipse.core.resources_3.10.1.v20150725-1910.jar:na]
	at org.eclipse.core.internal.events.AutoBuildJob.doBuild(AutoBuildJob.java:144) [org.eclipse.core.resources_3.10.1.v20150725-1910.jar:na]
	at org.eclipse.core.internal.events.AutoBuildJob.run(AutoBuildJob.java:235) [org.eclipse.core.resources_3.10.1.v20150725-1910.jar:na]
	at org.eclipse.core.internal.jobs.Worker.run(Worker.java:55) [org.eclipse.core.jobs_3.7.0.v20150330-2103.jar:na]
2016-11-23 14:20:16,175 [Worker-3] ERROR o.e.m.e.x.i.MarkerLocationService - null
org.eclipse.jface.text.BadLocationException: null
	at org.eclipse.jface.text.ListLineTracker.getLineOffset(ListLineTracker.java:201) ~[na:na]
	at org.eclipse.jface.text.AbstractLineTracker.getLineOffset(AbstractLineTracker.java:169) ~[na:na]
	at org.eclipse.wst.sse.core.internal.text.BasicStructuredDocument.getLineOffset(BasicStructuredDocument.java:1495) ~[na:na]
	at org.eclipse.m2e.editor.xml.internal.MarkerLocationService.findLocationForMarker(MarkerLocationService.java:106) ~[na:na]
	at org.eclipse.m2e.core.internal.markers.MarkerUtils.decorateMarker(MarkerUtils.java:48) [org.eclipse.m2e.core_1.6.2.20150902-0002.jar:na]
	at org.eclipse.m2e.core.internal.markers.MavenMarkerManager.addErrorMarker(MavenMarkerManager.java:308) [org.eclipse.m2e.core_1.6.2.20150902-0002.jar:na]
	at org.eclipse.m2e.core.internal.markers.MavenMarkerManager.addErrorMarkers(MavenMarkerManager.java:295) [org.eclipse.m2e.core_1.6.2.20150902-0002.jar:na]
	at org.eclipse.m2e.core.internal.project.registry.ProjectRegistryManager.setupLifecycleMapping(ProjectRegistryManager.java:611) [org.eclipse.m2e.core_1.6.2.20150902-0002.jar:na]
	at org.eclipse.m2e.core.internal.project.registry.ProjectRegistryManager.refreshPhase2(ProjectRegistryManager.java:512) [org.eclipse.m2e.core_1.6.2.20150902-0002.jar:na]
	at org.eclipse.m2e.core.internal.project.registry.ProjectRegistryManager$3.call(ProjectRegistryManager.java:491) [org.eclipse.m2e.core_1.6.2.20150902-0002.jar:na]
	at org.eclipse.m2e.core.internal.project.registry.ProjectRegistryManager$3.call(ProjectRegistryManager.java:1) [org.eclipse.m2e.core_1.6.2.20150902-0002.jar:na]
	at org.eclipse.m2e.core.internal.embedder.MavenExecutionContext.executeBare(MavenExecutionContext.java:176) [org.eclipse.m2e.core_1.6.2.20150902-0002.jar:na]
	at org.eclipse.m2e.core.internal.embedder.MavenExecutionContext.execute(MavenExecutionContext.java:151) [org.eclipse.m2e.core_1.6.2.20150902-0002.jar:na]
	at org.eclipse.m2e.core.internal.project.registry.ProjectRegistryManager.refresh(ProjectRegistryManager.java:495) [org.eclipse.m2e.core_1.6.2.20150902-0002.jar:na]
	at org.eclipse.m2e.core.internal.project.registry.ProjectRegistryManager.refresh(ProjectRegistryManager.java:350) [org.eclipse.m2e.core_1.6.2.20150902-0002.jar:na]
	at org.eclipse.m2e.core.internal.project.registry.ProjectRegistryManager.refresh(ProjectRegistryManager.java:297) [org.eclipse.m2e.core_1.6.2.20150902-0002.jar:na]
	at org.eclipse.m2e.core.internal.builder.MavenBuilder$BuildMethod.getProjectFacade(MavenBuilder.java:154) [org.eclipse.m2e.core_1.6.2.20150902-0002.jar:na]
	at org.eclipse.m2e.core.internal.builder.MavenBuilder$BuildMethod$1.call(MavenBuilder.java:89) [org.eclipse.m2e.core_1.6.2.20150902-0002.jar:na]
	at org.eclipse.m2e.core.internal.embedder.MavenExecutionContext.executeBare(MavenExecutionContext.java:176) [org.eclipse.m2e.core_1.6.2.20150902-0002.jar:na]
	at org.eclipse.m2e.core.internal.embedder.MavenExecutionContext.execute(MavenExecutionContext.java:151) [org.eclipse.m2e.core_1.6.2.20150902-0002.jar:na]
	at org.eclipse.m2e.core.internal.embedder.MavenExecutionContext.execute(MavenExecutionContext.java:99) [org.eclipse.m2e.core_1.6.2.20150902-0002.jar:na]
	at org.eclipse.m2e.core.internal.builder.MavenBuilder$BuildMethod.execute(MavenBuilder.java:86) [org.eclipse.m2e.core_1.6.2.20150902-0002.jar:na]
	at org.eclipse.m2e.core.internal.builder.MavenBuilder.build(MavenBuilder.java:200) [org.eclipse.m2e.core_1.6.2.20150902-0002.jar:na]
	at org.eclipse.core.internal.events.BuildManager$2.run(BuildManager.java:734) [org.eclipse.core.resources_3.10.1.v20150725-1910.jar:na]
	at org.eclipse.core.runtime.SafeRunner.run(SafeRunner.java:42) [org.eclipse.equinox.common_3.7.0.v20150402-1709.jar:na]
	at org.eclipse.core.internal.events.BuildManager.basicBuild(BuildManager.java:205) [org.eclipse.core.resources_3.10.1.v20150725-1910.jar:na]
	at org.eclipse.core.internal.events.BuildManager.basicBuild(BuildManager.java:245) [org.eclipse.core.resources_3.10.1.v20150725-1910.jar:na]
	at org.eclipse.core.internal.events.BuildManager$1.run(BuildManager.java:300) [org.eclipse.core.resources_3.10.1.v20150725-1910.jar:na]
	at org.eclipse.core.runtime.SafeRunner.run(SafeRunner.java:42) [org.eclipse.equinox.common_3.7.0.v20150402-1709.jar:na]
	at org.eclipse.core.internal.events.BuildManager.basicBuild(BuildManager.java:303) [org.eclipse.core.resources_3.10.1.v20150725-1910.jar:na]
	at org.eclipse.core.internal.events.BuildManager.basicBuildLoop(BuildManager.java:359) [org.eclipse.core.resources_3.10.1.v20150725-1910.jar:na]
	at org.eclipse.core.internal.events.BuildManager.build(BuildManager.java:382) [org.eclipse.core.resources_3.10.1.v20150725-1910.jar:na]
	at org.eclipse.core.internal.events.AutoBuildJob.doBuild(AutoBuildJob.java:144) [org.eclipse.core.resources_3.10.1.v20150725-1910.jar:na]
	at org.eclipse.core.internal.events.AutoBuildJob.run(AutoBuildJob.java:235) [org.eclipse.core.resources_3.10.1.v20150725-1910.jar:na]
	at org.eclipse.core.internal.jobs.Worker.run(Worker.java:55) [org.eclipse.core.jobs_3.7.0.v20150330-2103.jar:na]
2016-11-23 14:20:19,971 [Worker-3] WARN  o.e.m.c.i.embedder.EclipseLogger - Using platform encoding (Cp1252 actually) to copy filtered resources, i.e. build is platform dependent!
2016-11-23 14:20:20,205 [Worker-3] INFO  o.e.m.c.i.embedder.EclipseLogger - skip non existing resourceDirectory C:\Users\azaharia\Downloads\CookieLoginModule\CookieLoginModule\src\main\resources
2016-11-23 14:20:20,207 [Worker-3] WARN  o.e.m.c.i.embedder.EclipseLogger - Using platform encoding (Cp1252 actually) to copy filtered resources, i.e. build is platform dependent!
2016-11-23 14:20:20,284 [Worker-3] INFO  o.e.m.c.i.embedder.EclipseLogger - skip non existing resourceDirectory C:\Users\azaharia\Downloads\CookieLoginModule\CookieLoginModule\src\test\resources
2016-11-23 14:20:51,928 [Worker-9] INFO  o.e.m.c.i.l.LifecycleMappingFactory - Using org.eclipse.m2e.jdt.JarLifecycleMapping lifecycle mapping for MavenProject: CookieLoginModule:CookieLoginModule:0.0.1-SNAPSHOT @ C:\Users\azaharia\Downloads\CookieLoginModule\CookieLoginModule\pom.xml.
2016-11-23 14:20:52,457 [Worker-9] WARN  o.e.m.c.i.embedder.EclipseLogger - Using platform encoding (Cp1252 actually) to copy filtered resources, i.e. build is platform dependent!
2016-11-23 14:20:52,457 [Worker-9] INFO  o.e.m.c.i.embedder.EclipseLogger - skip non existing resourceDirectory C:\Users\azaharia\Downloads\CookieLoginModule\CookieLoginModule\src\main\resources
2016-11-23 14:20:52,457 [Worker-9] WARN  o.e.m.c.i.embedder.EclipseLogger - Using platform encoding (Cp1252 actually) to copy filtered resources, i.e. build is platform dependent!
2016-11-23 14:20:52,457 [Worker-9] INFO  o.e.m.c.i.embedder.EclipseLogger - skip non existing resourceDirectory C:\Users\azaharia\Downloads\CookieLoginModule\CookieLoginModule\src\test\resources
2016-11-23 14:21:48,688 [main] INFO  c.g.t.t.d.PublishedGradleVersions - Gradle version information cache file is out-of-date. Remote download required.
2016-11-23 14:27:19,158 [Worker-2] WARN  o.e.m.c.i.embedder.EclipseLogger - Using platform encoding (Cp1252 actually) to copy filtered resources, i.e. build is platform dependent!
2016-11-23 14:27:19,158 [Worker-2] INFO  o.e.m.c.i.embedder.EclipseLogger - skip non existing resourceDirectory C:\Users\azaharia\Downloads\CookieLoginModule\CookieLoginModule\src\main\resources
2016-11-23 14:27:19,158 [Worker-2] WARN  o.e.m.c.i.embedder.EclipseLogger - Using platform encoding (Cp1252 actually) to copy filtered resources, i.e. build is platform dependent!
2016-11-23 14:27:19,158 [Worker-2] INFO  o.e.m.c.i.embedder.EclipseLogger - skip non existing resourceDirectory C:\Users\azaharia\Downloads\CookieLoginModule\CookieLoginModule\src\test\resources
